03-Feb-2025 14:48:33.341 INFO [main] org.apache.catalina.startup.VersionLoggerListener.log Server version name:   Apache Tomcat/11.0.2
03-Feb-2025 14:48:33.343 INFO [main] org.apache.catalina.startup.VersionLoggerListener.log Server built:          Dec 5 2024 15:19:37 UTC
03-Feb-2025 14:48:33.343 INFO [main] org.apache.catalina.startup.VersionLoggerListener.log Server version number: 11.0.2.0
03-Feb-2025 14:48:33.343 INFO [main] org.apache.catalina.startup.VersionLoggerListener.log OS Name:               Linux
03-Feb-2025 14:48:33.343 INFO [main] org.apache.catalina.startup.VersionLoggerListener.log OS Version:            6.12.5-linuxkit
03-Feb-2025 14:48:33.343 INFO [main] org.apache.catalina.startup.VersionLoggerListener.log Architecture:          aarch64
03-Feb-2025 14:48:33.343 INFO [main] org.apache.catalina.startup.VersionLoggerListener.log Java Home:             /opt/java/openjdk
03-Feb-2025 14:48:33.343 INFO [main] org.apache.catalina.startup.VersionLoggerListener.log JVM Version:           21.0.6+7-LTS
03-Feb-2025 14:48:33.343 INFO [main] org.apache.catalina.startup.VersionLoggerListener.log JVM Vendor:            Eclipse Adoptium
03-Feb-2025 14:48:33.343 INFO [main] org.apache.catalina.startup.VersionLoggerListener.log CATALINA_BASE:         /usr/local/tomcat
03-Feb-2025 14:48:33.343 INFO [main] org.apache.catalina.startup.VersionLoggerListener.log CATALINA_HOME:         /usr/local/tomcat
03-Feb-2025 14:48:33.347 INFO [main] org.apache.catalina.startup.VersionLoggerListener.log Command line argument: -Djava.util.logging.config.file=/usr/local/tomcat/conf/logging.properties
03-Feb-2025 14:48:33.347 INFO [main] org.apache.catalina.startup.VersionLoggerListener.log Command line argument: -Djava.util.logging.manager=org.apache.juli.ClassLoaderLogManager
03-Feb-2025 14:48:33.347 INFO [main] org.apache.catalina.startup.VersionLoggerListener.log Command line argument: -Djdk.tls.ephemeralDHKeySize=2048
03-Feb-2025 14:48:33.347 INFO [main] org.apache.catalina.startup.VersionLoggerListener.log Command line argument: -Dorg.apache.catalina.security.SecurityListener.UMASK=0027
03-Feb-2025 14:48:33.347 INFO [main] org.apache.catalina.startup.VersionLoggerListener.log Command line argument: --add-opens=java.base/java.lang=ALL-UNNAMED
03-Feb-2025 14:48:33.347 INFO [main] org.apache.catalina.startup.VersionLoggerListener.log Command line argument: --add-opens=java.base/java.io=ALL-UNNAMED
03-Feb-2025 14:48:33.347 INFO [main] org.apache.catalina.startup.VersionLoggerListener.log Command line argument: --add-opens=java.base/java.util=ALL-UNNAMED
03-Feb-2025 14:48:33.347 INFO [main] org.apache.catalina.startup.VersionLoggerListener.log Command line argument: --add-opens=java.base/java.util.concurrent=ALL-UNNAMED
03-Feb-2025 14:48:33.347 INFO [main] org.apache.catalina.startup.VersionLoggerListener.log Command line argument: --add-opens=java.rmi/sun.rmi.transport=ALL-UNNAMED
03-Feb-2025 14:48:33.347 INFO [main] org.apache.catalina.startup.VersionLoggerListener.log Command line argument: --enable-native-access=ALL-UNNAMED
03-Feb-2025 14:48:33.347 INFO [main] org.apache.catalina.startup.VersionLoggerListener.log Command line argument: -Dcatalina.base=/usr/local/tomcat
03-Feb-2025 14:48:33.347 INFO [main] org.apache.catalina.startup.VersionLoggerListener.log Command line argument: -Dcatalina.home=/usr/local/tomcat
03-Feb-2025 14:48:33.347 INFO [main] org.apache.catalina.startup.VersionLoggerListener.log Command line argument: -Djava.io.tmpdir=/usr/local/tomcat/temp
03-Feb-2025 14:48:33.351 INFO [main] org.apache.catalina.core.AprLifecycleListener.lifecycleEvent Loaded Apache Tomcat Native library [2.0.8] using APR version [1.7.2].
03-Feb-2025 14:48:33.354 INFO [main] org.apache.catalina.core.AprLifecycleListener.initializeSSL OpenSSL successfully initialized [OpenSSL 3.0.13 30 Jan 2024]
03-Feb-2025 14:48:33.493 INFO [main] org.apache.coyote.AbstractProtocol.init Initializing ProtocolHandler ["http-nio-8080"]
03-Feb-2025 14:48:33.501 INFO [main] org.apache.catalina.startup.Catalina.load Server initialization in [235] milliseconds
03-Feb-2025 14:48:33.516 INFO [main] org.apache.catalina.core.StandardService.startInternal Starting service [Catalina]
03-Feb-2025 14:48:33.516 INFO [main] org.apache.catalina.core.StandardEngine.startInternal Starting Servlet engine: [Apache Tomcat/11.0.2]
03-Feb-2025 14:48:33.525 INFO [main] org.apache.catalina.startup.HostConfig.deployWAR Deploying web application archive [/usr/local/tomcat/webapps/JAVA_PRO_HILLEL-1.0-SNAPSHOT.war]
03-Feb-2025 14:48:33.706 SEVERE [main] org.apache.catalina.startup.HostConfig.deployWAR Error deploying web application archive [/usr/local/tomcat/webapps/JAVA_PRO_HILLEL-1.0-SNAPSHOT.war]
	java.lang.IllegalStateException: Error starting child
		at org.apache.catalina.core.ContainerBase.addChild(ContainerBase.java:569)
		at org.apache.catalina.core.StandardHost.addChild(StandardHost.java:653)
		at org.apache.catalina.startup.HostConfig.deployWAR(HostConfig.java:933)
		at org.apache.catalina.startup.HostConfig$DeployWar.run(HostConfig.java:1875)
		at java.base/java.util.concurrent.Executors$RunnableAdapter.call(Executors.java:572)
		at java.base/java.util.concurrent.FutureTask.run(FutureTask.java:317)
		at org.apache.tomcat.util.threads.InlineExecutorService.execute(InlineExecutorService.java:75)
		at java.base/java.util.concurrent.AbstractExecutorService.submit(AbstractExecutorService.java:123)
		at org.apache.catalina.startup.HostConfig.deployWARs(HostConfig.java:735)
		at org.apache.catalina.startup.HostConfig.deployApps(HostConfig.java:387)
		at org.apache.catalina.startup.HostConfig.start(HostConfig.java:1593)
		at org.apache.catalina.startup.HostConfig.lifecycleEvent(HostConfig.java:267)
		at org.apache.catalina.util.LifecycleBase.fireLifecycleEvent(LifecycleBase.java:109)
		at org.apache.catalina.util.LifecycleBase.setStateInternal(LifecycleBase.java:389)
		at org.apache.catalina.util.LifecycleBase.setState(LifecycleBase.java:336)
		at org.apache.catalina.core.ContainerBase.startInternal(ContainerBase.java:743)
		at org.apache.catalina.core.StandardHost.startInternal(StandardHost.java:771)
		at org.apache.catalina.util.LifecycleBase.start(LifecycleBase.java:164)
		at org.apache.catalina.core.ContainerBase$StartChild.call(ContainerBase.java:1170)
		at org.apache.catalina.core.ContainerBase$StartChild.call(ContainerBase.java:1160)
		at java.base/java.util.concurrent.FutureTask.run(FutureTask.java:317)
		at org.apache.tomcat.util.threads.InlineExecutorService.execute(InlineExecutorService.java:75)
		at java.base/java.util.concurrent.AbstractExecutorService.submit(AbstractExecutorService.java:145)
		at org.apache.catalina.core.ContainerBase.startInternal(ContainerBase.java:716)
		at org.apache.catalina.core.StandardEngine.startInternal(StandardEngine.java:203)
		at org.apache.catalina.util.LifecycleBase.start(LifecycleBase.java:164)
		at org.apache.catalina.core.StandardService.startInternal(StandardService.java:415)
		at org.apache.catalina.util.LifecycleBase.start(LifecycleBase.java:164)
		at org.apache.catalina.core.StandardServer.startInternal(StandardServer.java:866)
		at org.apache.catalina.util.LifecycleBase.start(LifecycleBase.java:164)
		at org.apache.catalina.startup.Catalina.start(Catalina.java:759)
		at java.base/jdk.internal.reflect.DirectMethodHandleAccessor.invoke(DirectMethodHandleAccessor.java:103)
		at java.base/java.lang.reflect.Method.invoke(Method.java:580)
		at org.apache.catalina.startup.Bootstrap.start(Bootstrap.java:342)
		at org.apache.catalina.startup.Bootstrap.main(Bootstrap.java:470)
	Caused by: org.apache.catalina.LifecycleException: Failed to start component [StandardEngine[Catalina].StandardHost[localhost].StandardContext[/JAVA_PRO_HILLEL-1.0-SNAPSHOT]]
		at org.apache.catalina.util.LifecycleBase.handleSubClassException(LifecycleBase.java:406)
		at org.apache.catalina.util.LifecycleBase.start(LifecycleBase.java:179)
		at org.apache.catalina.core.ContainerBase.addChild(ContainerBase.java:566)
		... 34 more
	Caused by: java.lang.IllegalArgumentException: The servlets named [org.dz37.controller.Order] and [org.dz37.controller.Order$SaveDataServlet] are both mapped to the url-pattern [/save-data] which is not permitted
		at org.apache.tomcat.util.descriptor.web.WebXml.addServletMappingDecoded(WebXml.java:358)
		at org.apache.tomcat.util.descriptor.web.WebXml.addServletMapping(WebXml.java:351)
		at org.apache.catalina.startup.ContextConfig.processAnnotationWebServlet(ContextConfig.java:2551)
		at org.apache.catalina.startup.ContextConfig.processClass(ContextConfig.java:2256)
		at org.apache.catalina.startup.ContextConfig.processAnnotationsStream(ContextConfig.java:2245)
		at org.apache.catalina.startup.ContextConfig.processAnnotationsWebResource(ContextConfig.java:2155)
		at org.apache.catalina.startup.ContextConfig.processAnnotationsWebResource(ContextConfig.java:2150)
		at org.apache.catalina.startup.ContextConfig.processAnnotationsWebResource(ContextConfig.java:2150)
		at org.apache.catalina.startup.ContextConfig.processAnnotationsWebResource(ContextConfig.java:2150)
		at org.apache.catalina.startup.ContextConfig.processClasses(ContextConfig.java:1363)
		at org.apache.catalina.startup.ContextConfig.webConfig(ContextConfig.java:1273)
		at org.apache.catalina.startup.ContextConfig.configureStart(ContextConfig.java:973)
		at org.apache.catalina.startup.ContextConfig.lifecycleEvent(ContextConfig.java:290)
		at org.apache.catalina.util.LifecycleBase.fireLifecycleEvent(LifecycleBase.java:109)
		at org.apache.catalina.core.StandardContext.startInternal(StandardContext.java:4311)
		at org.apache.catalina.util.LifecycleBase.start(LifecycleBase.java:164)
		... 35 more
03-Feb-2025 14:48:33.707 INFO [main] org.apache.catalina.startup.HostConfig.deployWAR Deployment of web application archive [/usr/local/tomcat/webapps/JAVA_PRO_HILLEL-1.0-SNAPSHOT.war] has finished in [182] ms
03-Feb-2025 14:48:33.709 INFO [main] org.apache.coyote.AbstractProtocol.start Starting ProtocolHandler ["http-nio-8080"]
03-Feb-2025 14:48:33.713 INFO [main] org.apache.catalina.startup.Catalina.start Server startup in [211] milliseconds
03-Feb-2025 14:50:27.947 INFO [Thread-1] org.apache.coyote.AbstractProtocol.pause Pausing ProtocolHandler ["http-nio-8080"]
03-Feb-2025 14:50:27.958 INFO [Thread-1] org.apache.catalina.core.StandardService.stopInternal Stopping service [Catalina]
03-Feb-2025 14:50:27.960 INFO [Thread-1] org.apache.coyote.AbstractProtocol.stop Stopping ProtocolHandler ["http-nio-8080"]
03-Feb-2025 14:50:27.966 INFO [Thread-1] org.apache.coyote.AbstractProtocol.destroy Destroying ProtocolHandler ["http-nio-8080"]
03-Feb-2025 14:52:04.672 INFO [main] org.apache.catalina.startup.VersionLoggerListener.log Server version name:   Apache Tomcat/11.0.2
03-Feb-2025 14:52:04.673 INFO [main] org.apache.catalina.startup.VersionLoggerListener.log Server built:          Dec 5 2024 15:19:37 UTC
03-Feb-2025 14:52:04.673 INFO [main] org.apache.catalina.startup.VersionLoggerListener.log Server version number: 11.0.2.0
03-Feb-2025 14:52:04.673 INFO [main] org.apache.catalina.startup.VersionLoggerListener.log OS Name:               Linux
03-Feb-2025 14:52:04.673 INFO [main] org.apache.catalina.startup.VersionLoggerListener.log OS Version:            6.12.5-linuxkit
03-Feb-2025 14:52:04.674 INFO [main] org.apache.catalina.startup.VersionLoggerListener.log Architecture:          aarch64
03-Feb-2025 14:52:04.674 INFO [main] org.apache.catalina.startup.VersionLoggerListener.log Java Home:             /opt/java/openjdk
03-Feb-2025 14:52:04.674 INFO [main] org.apache.catalina.startup.VersionLoggerListener.log JVM Version:           21.0.6+7-LTS
03-Feb-2025 14:52:04.674 INFO [main] org.apache.catalina.startup.VersionLoggerListener.log JVM Vendor:            Eclipse Adoptium
03-Feb-2025 14:52:04.674 INFO [main] org.apache.catalina.startup.VersionLoggerListener.log CATALINA_BASE:         /usr/local/tomcat
03-Feb-2025 14:52:04.674 INFO [main] org.apache.catalina.startup.VersionLoggerListener.log CATALINA_HOME:         /usr/local/tomcat
03-Feb-2025 14:52:04.677 INFO [main] org.apache.catalina.startup.VersionLoggerListener.log Command line argument: -Djava.util.logging.config.file=/usr/local/tomcat/conf/logging.properties
03-Feb-2025 14:52:04.677 INFO [main] org.apache.catalina.startup.VersionLoggerListener.log Command line argument: -Djava.util.logging.manager=org.apache.juli.ClassLoaderLogManager
03-Feb-2025 14:52:04.677 INFO [main] org.apache.catalina.startup.VersionLoggerListener.log Command line argument: -Djdk.tls.ephemeralDHKeySize=2048
03-Feb-2025 14:52:04.678 INFO [main] org.apache.catalina.startup.VersionLoggerListener.log Command line argument: -Dorg.apache.catalina.security.SecurityListener.UMASK=0027
03-Feb-2025 14:52:04.678 INFO [main] org.apache.catalina.startup.VersionLoggerListener.log Command line argument: --add-opens=java.base/java.lang=ALL-UNNAMED
03-Feb-2025 14:52:04.678 INFO [main] org.apache.catalina.startup.VersionLoggerListener.log Command line argument: --add-opens=java.base/java.io=ALL-UNNAMED
03-Feb-2025 14:52:04.678 INFO [main] org.apache.catalina.startup.VersionLoggerListener.log Command line argument: --add-opens=java.base/java.util=ALL-UNNAMED
03-Feb-2025 14:52:04.678 INFO [main] org.apache.catalina.startup.VersionLoggerListener.log Command line argument: --add-opens=java.base/java.util.concurrent=ALL-UNNAMED
03-Feb-2025 14:52:04.678 INFO [main] org.apache.catalina.startup.VersionLoggerListener.log Command line argument: --add-opens=java.rmi/sun.rmi.transport=ALL-UNNAMED
03-Feb-2025 14:52:04.678 INFO [main] org.apache.catalina.startup.VersionLoggerListener.log Command line argument: --enable-native-access=ALL-UNNAMED
03-Feb-2025 14:52:04.678 INFO [main] org.apache.catalina.startup.VersionLoggerListener.log Command line argument: -Dcatalina.base=/usr/local/tomcat
03-Feb-2025 14:52:04.678 INFO [main] org.apache.catalina.startup.VersionLoggerListener.log Command line argument: -Dcatalina.home=/usr/local/tomcat
03-Feb-2025 14:52:04.678 INFO [main] org.apache.catalina.startup.VersionLoggerListener.log Command line argument: -Djava.io.tmpdir=/usr/local/tomcat/temp
03-Feb-2025 14:52:04.680 INFO [main] org.apache.catalina.core.AprLifecycleListener.lifecycleEvent Loaded Apache Tomcat Native library [2.0.8] using APR version [1.7.2].
03-Feb-2025 14:52:04.683 INFO [main] org.apache.catalina.core.AprLifecycleListener.initializeSSL OpenSSL successfully initialized [OpenSSL 3.0.13 30 Jan 2024]
03-Feb-2025 14:52:04.807 INFO [main] org.apache.coyote.AbstractProtocol.init Initializing ProtocolHandler ["http-nio-8080"]
03-Feb-2025 14:52:04.816 INFO [main] org.apache.catalina.startup.Catalina.load Server initialization in [216] milliseconds
03-Feb-2025 14:52:04.830 INFO [main] org.apache.catalina.core.StandardService.startInternal Starting service [Catalina]
03-Feb-2025 14:52:04.830 INFO [main] org.apache.catalina.core.StandardEngine.startInternal Starting Servlet engine: [Apache Tomcat/11.0.2]
03-Feb-2025 14:52:04.838 INFO [main] org.apache.catalina.startup.HostConfig.deployWAR Deploying web application archive [/usr/local/tomcat/webapps/JAVA_PRO_HILLEL-1.0-SNAPSHOT.war]
03-Feb-2025 14:52:05.015 SEVERE [main] org.apache.catalina.startup.HostConfig.deployWAR Error deploying web application archive [/usr/local/tomcat/webapps/JAVA_PRO_HILLEL-1.0-SNAPSHOT.war]
	java.lang.IllegalStateException: Error starting child
		at org.apache.catalina.core.ContainerBase.addChild(ContainerBase.java:569)
		at org.apache.catalina.core.StandardHost.addChild(StandardHost.java:653)
		at org.apache.catalina.startup.HostConfig.deployWAR(HostConfig.java:933)
		at org.apache.catalina.startup.HostConfig$DeployWar.run(HostConfig.java:1875)
		at java.base/java.util.concurrent.Executors$RunnableAdapter.call(Executors.java:572)
		at java.base/java.util.concurrent.FutureTask.run(FutureTask.java:317)
		at org.apache.tomcat.util.threads.InlineExecutorService.execute(InlineExecutorService.java:75)
		at java.base/java.util.concurrent.AbstractExecutorService.submit(AbstractExecutorService.java:123)
		at org.apache.catalina.startup.HostConfig.deployWARs(HostConfig.java:735)
		at org.apache.catalina.startup.HostConfig.deployApps(HostConfig.java:387)
		at org.apache.catalina.startup.HostConfig.start(HostConfig.java:1593)
		at org.apache.catalina.startup.HostConfig.lifecycleEvent(HostConfig.java:267)
		at org.apache.catalina.util.LifecycleBase.fireLifecycleEvent(LifecycleBase.java:109)
		at org.apache.catalina.util.LifecycleBase.setStateInternal(LifecycleBase.java:389)
		at org.apache.catalina.util.LifecycleBase.setState(LifecycleBase.java:336)
		at org.apache.catalina.core.ContainerBase.startInternal(ContainerBase.java:743)
		at org.apache.catalina.core.StandardHost.startInternal(StandardHost.java:771)
		at org.apache.catalina.util.LifecycleBase.start(LifecycleBase.java:164)
		at org.apache.catalina.core.ContainerBase$StartChild.call(ContainerBase.java:1170)
		at org.apache.catalina.core.ContainerBase$StartChild.call(ContainerBase.java:1160)
		at java.base/java.util.concurrent.FutureTask.run(FutureTask.java:317)
		at org.apache.tomcat.util.threads.InlineExecutorService.execute(InlineExecutorService.java:75)
		at java.base/java.util.concurrent.AbstractExecutorService.submit(AbstractExecutorService.java:145)
		at org.apache.catalina.core.ContainerBase.startInternal(ContainerBase.java:716)
		at org.apache.catalina.core.StandardEngine.startInternal(StandardEngine.java:203)
		at org.apache.catalina.util.LifecycleBase.start(LifecycleBase.java:164)
		at org.apache.catalina.core.StandardService.startInternal(StandardService.java:415)
		at org.apache.catalina.util.LifecycleBase.start(LifecycleBase.java:164)
		at org.apache.catalina.core.StandardServer.startInternal(StandardServer.java:866)
		at org.apache.catalina.util.LifecycleBase.start(LifecycleBase.java:164)
		at org.apache.catalina.startup.Catalina.start(Catalina.java:759)
		at java.base/jdk.internal.reflect.DirectMethodHandleAccessor.invoke(DirectMethodHandleAccessor.java:103)
		at java.base/java.lang.reflect.Method.invoke(Method.java:580)
		at org.apache.catalina.startup.Bootstrap.start(Bootstrap.java:342)
		at org.apache.catalina.startup.Bootstrap.main(Bootstrap.java:470)
	Caused by: org.apache.catalina.LifecycleException: Failed to start component [StandardEngine[Catalina].StandardHost[localhost].StandardContext[/JAVA_PRO_HILLEL-1.0-SNAPSHOT]]
		at org.apache.catalina.util.LifecycleBase.handleSubClassException(LifecycleBase.java:406)
		at org.apache.catalina.util.LifecycleBase.start(LifecycleBase.java:179)
		at org.apache.catalina.core.ContainerBase.addChild(ContainerBase.java:566)
		... 34 more
	Caused by: java.lang.IllegalArgumentException: The servlets named [org.dz37.controller.Order] and [org.dz37.controller.Order$SaveDataServlet] are both mapped to the url-pattern [/save-data] which is not permitted
		at org.apache.tomcat.util.descriptor.web.WebXml.addServletMappingDecoded(WebXml.java:358)
		at org.apache.tomcat.util.descriptor.web.WebXml.addServletMapping(WebXml.java:351)
		at org.apache.catalina.startup.ContextConfig.processAnnotationWebServlet(ContextConfig.java:2551)
		at org.apache.catalina.startup.ContextConfig.processClass(ContextConfig.java:2256)
		at org.apache.catalina.startup.ContextConfig.processAnnotationsStream(ContextConfig.java:2245)
		at org.apache.catalina.startup.ContextConfig.processAnnotationsWebResource(ContextConfig.java:2155)
		at org.apache.catalina.startup.ContextConfig.processAnnotationsWebResource(ContextConfig.java:2150)
		at org.apache.catalina.startup.ContextConfig.processAnnotationsWebResource(ContextConfig.java:2150)
		at org.apache.catalina.startup.ContextConfig.processAnnotationsWebResource(ContextConfig.java:2150)
		at org.apache.catalina.startup.ContextConfig.processClasses(ContextConfig.java:1363)
		at org.apache.catalina.startup.ContextConfig.webConfig(ContextConfig.java:1273)
		at org.apache.catalina.startup.ContextConfig.configureStart(ContextConfig.java:973)
		at org.apache.catalina.startup.ContextConfig.lifecycleEvent(ContextConfig.java:290)
		at org.apache.catalina.util.LifecycleBase.fireLifecycleEvent(LifecycleBase.java:109)
		at org.apache.catalina.core.StandardContext.startInternal(StandardContext.java:4311)
		at org.apache.catalina.util.LifecycleBase.start(LifecycleBase.java:164)
		... 35 more
03-Feb-2025 14:52:05.016 INFO [main] org.apache.catalina.startup.HostConfig.deployWAR Deployment of web application archive [/usr/local/tomcat/webapps/JAVA_PRO_HILLEL-1.0-SNAPSHOT.war] has finished in [178] ms
03-Feb-2025 14:52:05.017 INFO [main] org.apache.coyote.AbstractProtocol.start Starting ProtocolHandler ["http-nio-8080"]
03-Feb-2025 14:52:05.022 INFO [main] org.apache.catalina.startup.Catalina.start Server startup in [204] milliseconds
03-Feb-2025 14:53:23.838 INFO [Thread-1] org.apache.coyote.AbstractProtocol.pause Pausing ProtocolHandler ["http-nio-8080"]
03-Feb-2025 14:53:23.846 INFO [Thread-1] org.apache.catalina.core.StandardService.stopInternal Stopping service [Catalina]
03-Feb-2025 14:53:23.849 INFO [Thread-1] org.apache.coyote.AbstractProtocol.stop Stopping ProtocolHandler ["http-nio-8080"]
03-Feb-2025 14:53:23.854 INFO [Thread-1] org.apache.coyote.AbstractProtocol.destroy Destroying ProtocolHandler ["http-nio-8080"]
03-Feb-2025 14:53:27.584 INFO [main] org.apache.catalina.startup.VersionLoggerListener.log Server version name:   Apache Tomcat/11.0.2
03-Feb-2025 14:53:27.585 INFO [main] org.apache.catalina.startup.VersionLoggerListener.log Server built:          Dec 5 2024 15:19:37 UTC
03-Feb-2025 14:53:27.585 INFO [main] org.apache.catalina.startup.VersionLoggerListener.log Server version number: 11.0.2.0
03-Feb-2025 14:53:27.585 INFO [main] org.apache.catalina.startup.VersionLoggerListener.log OS Name:               Linux
03-Feb-2025 14:53:27.585 INFO [main] org.apache.catalina.startup.VersionLoggerListener.log OS Version:            6.12.5-linuxkit
03-Feb-2025 14:53:27.585 INFO [main] org.apache.catalina.startup.VersionLoggerListener.log Architecture:          aarch64
03-Feb-2025 14:53:27.585 INFO [main] org.apache.catalina.startup.VersionLoggerListener.log Java Home:             /opt/java/openjdk
03-Feb-2025 14:53:27.585 INFO [main] org.apache.catalina.startup.VersionLoggerListener.log JVM Version:           21.0.6+7-LTS
03-Feb-2025 14:53:27.585 INFO [main] org.apache.catalina.startup.VersionLoggerListener.log JVM Vendor:            Eclipse Adoptium
03-Feb-2025 14:53:27.585 INFO [main] org.apache.catalina.startup.VersionLoggerListener.log CATALINA_BASE:         /usr/local/tomcat
03-Feb-2025 14:53:27.585 INFO [main] org.apache.catalina.startup.VersionLoggerListener.log CATALINA_HOME:         /usr/local/tomcat
03-Feb-2025 14:53:27.589 INFO [main] org.apache.catalina.startup.VersionLoggerListener.log Command line argument: -Djava.util.logging.config.file=/usr/local/tomcat/conf/logging.properties
03-Feb-2025 14:53:27.589 INFO [main] org.apache.catalina.startup.VersionLoggerListener.log Command line argument: -Djava.util.logging.manager=org.apache.juli.ClassLoaderLogManager
03-Feb-2025 14:53:27.590 INFO [main] org.apache.catalina.startup.VersionLoggerListener.log Command line argument: -Djdk.tls.ephemeralDHKeySize=2048
03-Feb-2025 14:53:27.590 INFO [main] org.apache.catalina.startup.VersionLoggerListener.log Command line argument: -Dorg.apache.catalina.security.SecurityListener.UMASK=0027
03-Feb-2025 14:53:27.590 INFO [main] org.apache.catalina.startup.VersionLoggerListener.log Command line argument: --add-opens=java.base/java.lang=ALL-UNNAMED
03-Feb-2025 14:53:27.590 INFO [main] org.apache.catalina.startup.VersionLoggerListener.log Command line argument: --add-opens=java.base/java.io=ALL-UNNAMED
03-Feb-2025 14:53:27.590 INFO [main] org.apache.catalina.startup.VersionLoggerListener.log Command line argument: --add-opens=java.base/java.util=ALL-UNNAMED
03-Feb-2025 14:53:27.590 INFO [main] org.apache.catalina.startup.VersionLoggerListener.log Command line argument: --add-opens=java.base/java.util.concurrent=ALL-UNNAMED
03-Feb-2025 14:53:27.590 INFO [main] org.apache.catalina.startup.VersionLoggerListener.log Command line argument: --add-opens=java.rmi/sun.rmi.transport=ALL-UNNAMED
03-Feb-2025 14:53:27.590 INFO [main] org.apache.catalina.startup.VersionLoggerListener.log Command line argument: --enable-native-access=ALL-UNNAMED
03-Feb-2025 14:53:27.590 INFO [main] org.apache.catalina.startup.VersionLoggerListener.log Command line argument: -Dcatalina.base=/usr/local/tomcat
03-Feb-2025 14:53:27.590 INFO [main] org.apache.catalina.startup.VersionLoggerListener.log Command line argument: -Dcatalina.home=/usr/local/tomcat
03-Feb-2025 14:53:27.590 INFO [main] org.apache.catalina.startup.VersionLoggerListener.log Command line argument: -Djava.io.tmpdir=/usr/local/tomcat/temp
03-Feb-2025 14:53:27.592 INFO [main] org.apache.catalina.core.AprLifecycleListener.lifecycleEvent Loaded Apache Tomcat Native library [2.0.8] using APR version [1.7.2].
03-Feb-2025 14:53:27.594 INFO [main] org.apache.catalina.core.AprLifecycleListener.initializeSSL OpenSSL successfully initialized [OpenSSL 3.0.13 30 Jan 2024]
03-Feb-2025 14:53:27.711 INFO [main] org.apache.coyote.AbstractProtocol.init Initializing ProtocolHandler ["http-nio-8080"]
03-Feb-2025 14:53:27.720 INFO [main] org.apache.catalina.startup.Catalina.load Server initialization in [204] milliseconds
03-Feb-2025 14:53:27.734 INFO [main] org.apache.catalina.core.StandardService.startInternal Starting service [Catalina]
03-Feb-2025 14:53:27.734 INFO [main] org.apache.catalina.core.StandardEngine.startInternal Starting Servlet engine: [Apache Tomcat/11.0.2]
03-Feb-2025 14:53:27.740 INFO [main] org.apache.catalina.startup.HostConfig.deployWAR Deploying web application archive [/usr/local/tomcat/webapps/JAVA_PRO_HILLEL-1.0-SNAPSHOT.war]
03-Feb-2025 14:53:27.807 SEVERE [main] org.apache.catalina.startup.HostConfig.deployWAR Error deploying web application archive [/usr/local/tomcat/webapps/JAVA_PRO_HILLEL-1.0-SNAPSHOT.war]
	java.lang.IllegalStateException: Error starting child
		at org.apache.catalina.core.ContainerBase.addChild(ContainerBase.java:569)
		at org.apache.catalina.core.StandardHost.addChild(StandardHost.java:653)
		at org.apache.catalina.startup.HostConfig.deployWAR(HostConfig.java:933)
		at org.apache.catalina.startup.HostConfig$DeployWar.run(HostConfig.java:1875)
		at java.base/java.util.concurrent.Executors$RunnableAdapter.call(Executors.java:572)
		at java.base/java.util.concurrent.FutureTask.run(FutureTask.java:317)
		at org.apache.tomcat.util.threads.InlineExecutorService.execute(InlineExecutorService.java:75)
		at java.base/java.util.concurrent.AbstractExecutorService.submit(AbstractExecutorService.java:123)
		at org.apache.catalina.startup.HostConfig.deployWARs(HostConfig.java:735)
		at org.apache.catalina.startup.HostConfig.deployApps(HostConfig.java:387)
		at org.apache.catalina.startup.HostConfig.start(HostConfig.java:1593)
		at org.apache.catalina.startup.HostConfig.lifecycleEvent(HostConfig.java:267)
		at org.apache.catalina.util.LifecycleBase.fireLifecycleEvent(LifecycleBase.java:109)
		at org.apache.catalina.util.LifecycleBase.setStateInternal(LifecycleBase.java:389)
		at org.apache.catalina.util.LifecycleBase.setState(LifecycleBase.java:336)
		at org.apache.catalina.core.ContainerBase.startInternal(ContainerBase.java:743)
		at org.apache.catalina.core.StandardHost.startInternal(StandardHost.java:771)
		at org.apache.catalina.util.LifecycleBase.start(LifecycleBase.java:164)
		at org.apache.catalina.core.ContainerBase$StartChild.call(ContainerBase.java:1170)
		at org.apache.catalina.core.ContainerBase$StartChild.call(ContainerBase.java:1160)
		at java.base/java.util.concurrent.FutureTask.run(FutureTask.java:317)
		at org.apache.tomcat.util.threads.InlineExecutorService.execute(InlineExecutorService.java:75)
		at java.base/java.util.concurrent.AbstractExecutorService.submit(AbstractExecutorService.java:145)
		at org.apache.catalina.core.ContainerBase.startInternal(ContainerBase.java:716)
		at org.apache.catalina.core.StandardEngine.startInternal(StandardEngine.java:203)
		at org.apache.catalina.util.LifecycleBase.start(LifecycleBase.java:164)
		at org.apache.catalina.core.StandardService.startInternal(StandardService.java:415)
		at org.apache.catalina.util.LifecycleBase.start(LifecycleBase.java:164)
		at org.apache.catalina.core.StandardServer.startInternal(StandardServer.java:866)
		at org.apache.catalina.util.LifecycleBase.start(LifecycleBase.java:164)
		at org.apache.catalina.startup.Catalina.start(Catalina.java:759)
		at java.base/jdk.internal.reflect.DirectMethodHandleAccessor.invoke(DirectMethodHandleAccessor.java:103)
		at java.base/java.lang.reflect.Method.invoke(Method.java:580)
		at org.apache.catalina.startup.Bootstrap.start(Bootstrap.java:342)
		at org.apache.catalina.startup.Bootstrap.main(Bootstrap.java:470)
	Caused by: org.apache.catalina.LifecycleException: Failed to start component [StandardEngine[Catalina].StandardHost[localhost].StandardContext[/JAVA_PRO_HILLEL-1.0-SNAPSHOT]]
		at org.apache.catalina.util.LifecycleBase.handleSubClassException(LifecycleBase.java:406)
		at org.apache.catalina.util.LifecycleBase.start(LifecycleBase.java:179)
		at org.apache.catalina.core.ContainerBase.addChild(ContainerBase.java:566)
		... 34 more
	Caused by: java.lang.IllegalArgumentException: The servlets named [org.dz37.controller.Order] and [org.dz37.controller.Order$SaveDataServlet] are both mapped to the url-pattern [/save-data] which is not permitted
		at org.apache.tomcat.util.descriptor.web.WebXml.addServletMappingDecoded(WebXml.java:358)
		at org.apache.tomcat.util.descriptor.web.WebXml.addServletMapping(WebXml.java:351)
		at org.apache.catalina.startup.ContextConfig.processAnnotationWebServlet(ContextConfig.java:2551)
		at org.apache.catalina.startup.ContextConfig.processClass(ContextConfig.java:2256)
		at org.apache.catalina.startup.ContextConfig.processAnnotationsStream(ContextConfig.java:2245)
		at org.apache.catalina.startup.ContextConfig.processAnnotationsWebResource(ContextConfig.java:2155)
		at org.apache.catalina.startup.ContextConfig.processAnnotationsWebResource(ContextConfig.java:2150)
		at org.apache.catalina.startup.ContextConfig.processAnnotationsWebResource(ContextConfig.java:2150)
		at org.apache.catalina.startup.ContextConfig.processAnnotationsWebResource(ContextConfig.java:2150)
		at org.apache.catalina.startup.ContextConfig.processClasses(ContextConfig.java:1363)
		at org.apache.catalina.startup.ContextConfig.webConfig(ContextConfig.java:1273)
		at org.apache.catalina.startup.ContextConfig.configureStart(ContextConfig.java:973)
		at org.apache.catalina.startup.ContextConfig.lifecycleEvent(ContextConfig.java:290)
		at org.apache.catalina.util.LifecycleBase.fireLifecycleEvent(LifecycleBase.java:109)
		at org.apache.catalina.core.StandardContext.startInternal(StandardContext.java:4311)
		at org.apache.catalina.util.LifecycleBase.start(LifecycleBase.java:164)
		... 35 more
03-Feb-2025 14:53:27.808 INFO [main] org.apache.catalina.startup.HostConfig.deployWAR Deployment of web application archive [/usr/local/tomcat/webapps/JAVA_PRO_HILLEL-1.0-SNAPSHOT.war] has finished in [68] ms
03-Feb-2025 14:53:27.809 INFO [main] org.apache.coyote.AbstractProtocol.start Starting ProtocolHandler ["http-nio-8080"]
03-Feb-2025 14:53:27.814 INFO [main] org.apache.catalina.startup.Catalina.start Server startup in [93] milliseconds
03-Feb-2025 15:05:32.557 INFO [Thread-1] org.apache.coyote.AbstractProtocol.pause Pausing ProtocolHandler ["http-nio-8080"]
03-Feb-2025 15:05:32.568 INFO [Thread-1] org.apache.catalina.core.StandardService.stopInternal Stopping service [Catalina]
03-Feb-2025 15:05:32.571 INFO [Thread-1] org.apache.coyote.AbstractProtocol.stop Stopping ProtocolHandler ["http-nio-8080"]
03-Feb-2025 15:05:32.577 INFO [Thread-1] org.apache.coyote.AbstractProtocol.destroy Destroying ProtocolHandler ["http-nio-8080"]
03-Feb-2025 15:05:41.976 INFO [main] org.apache.catalina.startup.VersionLoggerListener.log Server version name:   Apache Tomcat/11.0.2
03-Feb-2025 15:05:41.977 INFO [main] org.apache.catalina.startup.VersionLoggerListener.log Server built:          Dec 5 2024 15:19:37 UTC
03-Feb-2025 15:05:41.977 INFO [main] org.apache.catalina.startup.VersionLoggerListener.log Server version number: 11.0.2.0
03-Feb-2025 15:05:41.977 INFO [main] org.apache.catalina.startup.VersionLoggerListener.log OS Name:               Linux
03-Feb-2025 15:05:41.977 INFO [main] org.apache.catalina.startup.VersionLoggerListener.log OS Version:            6.12.5-linuxkit
03-Feb-2025 15:05:41.977 INFO [main] org.apache.catalina.startup.VersionLoggerListener.log Architecture:          aarch64
03-Feb-2025 15:05:41.977 INFO [main] org.apache.catalina.startup.VersionLoggerListener.log Java Home:             /opt/java/openjdk
03-Feb-2025 15:05:41.977 INFO [main] org.apache.catalina.startup.VersionLoggerListener.log JVM Version:           21.0.6+7-LTS
03-Feb-2025 15:05:41.977 INFO [main] org.apache.catalina.startup.VersionLoggerListener.log JVM Vendor:            Eclipse Adoptium
03-Feb-2025 15:05:41.977 INFO [main] org.apache.catalina.startup.VersionLoggerListener.log CATALINA_BASE:         /usr/local/tomcat
03-Feb-2025 15:05:41.977 INFO [main] org.apache.catalina.startup.VersionLoggerListener.log CATALINA_HOME:         /usr/local/tomcat
03-Feb-2025 15:05:41.981 INFO [main] org.apache.catalina.startup.VersionLoggerListener.log Command line argument: -Djava.util.logging.config.file=/usr/local/tomcat/conf/logging.properties
03-Feb-2025 15:05:41.981 INFO [main] org.apache.catalina.startup.VersionLoggerListener.log Command line argument: -Djava.util.logging.manager=org.apache.juli.ClassLoaderLogManager
03-Feb-2025 15:05:41.981 INFO [main] org.apache.catalina.startup.VersionLoggerListener.log Command line argument: -Djdk.tls.ephemeralDHKeySize=2048
03-Feb-2025 15:05:41.981 INFO [main] org.apache.catalina.startup.VersionLoggerListener.log Command line argument: -Dorg.apache.catalina.security.SecurityListener.UMASK=0027
03-Feb-2025 15:05:41.981 INFO [main] org.apache.catalina.startup.VersionLoggerListener.log Command line argument: --add-opens=java.base/java.lang=ALL-UNNAMED
03-Feb-2025 15:05:41.982 INFO [main] org.apache.catalina.startup.VersionLoggerListener.log Command line argument: --add-opens=java.base/java.io=ALL-UNNAMED
03-Feb-2025 15:05:41.982 INFO [main] org.apache.catalina.startup.VersionLoggerListener.log Command line argument: --add-opens=java.base/java.util=ALL-UNNAMED
03-Feb-2025 15:05:41.982 INFO [main] org.apache.catalina.startup.VersionLoggerListener.log Command line argument: --add-opens=java.base/java.util.concurrent=ALL-UNNAMED
03-Feb-2025 15:05:41.982 INFO [main] org.apache.catalina.startup.VersionLoggerListener.log Command line argument: --add-opens=java.rmi/sun.rmi.transport=ALL-UNNAMED
03-Feb-2025 15:05:41.982 INFO [main] org.apache.catalina.startup.VersionLoggerListener.log Command line argument: --enable-native-access=ALL-UNNAMED
03-Feb-2025 15:05:41.982 INFO [main] org.apache.catalina.startup.VersionLoggerListener.log Command line argument: -Dcatalina.base=/usr/local/tomcat
03-Feb-2025 15:05:41.982 INFO [main] org.apache.catalina.startup.VersionLoggerListener.log Command line argument: -Dcatalina.home=/usr/local/tomcat
03-Feb-2025 15:05:41.982 INFO [main] org.apache.catalina.startup.VersionLoggerListener.log Command line argument: -Djava.io.tmpdir=/usr/local/tomcat/temp
03-Feb-2025 15:05:41.983 INFO [main] org.apache.catalina.core.AprLifecycleListener.lifecycleEvent Loaded Apache Tomcat Native library [2.0.8] using APR version [1.7.2].
03-Feb-2025 15:05:41.986 INFO [main] org.apache.catalina.core.AprLifecycleListener.initializeSSL OpenSSL successfully initialized [OpenSSL 3.0.13 30 Jan 2024]
03-Feb-2025 15:05:42.099 INFO [main] org.apache.coyote.AbstractProtocol.init Initializing ProtocolHandler ["http-nio-8080"]
03-Feb-2025 15:05:42.106 INFO [main] org.apache.catalina.startup.Catalina.load Server initialization in [196] milliseconds
03-Feb-2025 15:05:42.118 INFO [main] org.apache.catalina.core.StandardService.startInternal Starting service [Catalina]
03-Feb-2025 15:05:42.118 INFO [main] org.apache.catalina.core.StandardEngine.startInternal Starting Servlet engine: [Apache Tomcat/11.0.2]
03-Feb-2025 15:05:42.126 INFO [main] org.apache.catalina.startup.HostConfig.deployWAR Deploying web application archive [/usr/local/tomcat/webapps/JAVA_PRO_HILLEL-1.0-SNAPSHOT.war]
03-Feb-2025 15:05:42.292 SEVERE [main] org.apache.catalina.startup.HostConfig.deployWAR Error deploying web application archive [/usr/local/tomcat/webapps/JAVA_PRO_HILLEL-1.0-SNAPSHOT.war]
	java.lang.IllegalStateException: Error starting child
		at org.apache.catalina.core.ContainerBase.addChild(ContainerBase.java:569)
		at org.apache.catalina.core.StandardHost.addChild(StandardHost.java:653)
		at org.apache.catalina.startup.HostConfig.deployWAR(HostConfig.java:933)
		at org.apache.catalina.startup.HostConfig$DeployWar.run(HostConfig.java:1875)
		at java.base/java.util.concurrent.Executors$RunnableAdapter.call(Executors.java:572)
		at java.base/java.util.concurrent.FutureTask.run(FutureTask.java:317)
		at org.apache.tomcat.util.threads.InlineExecutorService.execute(InlineExecutorService.java:75)
		at java.base/java.util.concurrent.AbstractExecutorService.submit(AbstractExecutorService.java:123)
		at org.apache.catalina.startup.HostConfig.deployWARs(HostConfig.java:735)
		at org.apache.catalina.startup.HostConfig.deployApps(HostConfig.java:387)
		at org.apache.catalina.startup.HostConfig.start(HostConfig.java:1593)
		at org.apache.catalina.startup.HostConfig.lifecycleEvent(HostConfig.java:267)
		at org.apache.catalina.util.LifecycleBase.fireLifecycleEvent(LifecycleBase.java:109)
		at org.apache.catalina.util.LifecycleBase.setStateInternal(LifecycleBase.java:389)
		at org.apache.catalina.util.LifecycleBase.setState(LifecycleBase.java:336)
		at org.apache.catalina.core.ContainerBase.startInternal(ContainerBase.java:743)
		at org.apache.catalina.core.StandardHost.startInternal(StandardHost.java:771)
		at org.apache.catalina.util.LifecycleBase.start(LifecycleBase.java:164)
		at org.apache.catalina.core.ContainerBase$StartChild.call(ContainerBase.java:1170)
		at org.apache.catalina.core.ContainerBase$StartChild.call(ContainerBase.java:1160)
		at java.base/java.util.concurrent.FutureTask.run(FutureTask.java:317)
		at org.apache.tomcat.util.threads.InlineExecutorService.execute(InlineExecutorService.java:75)
		at java.base/java.util.concurrent.AbstractExecutorService.submit(AbstractExecutorService.java:145)
		at org.apache.catalina.core.ContainerBase.startInternal(ContainerBase.java:716)
		at org.apache.catalina.core.StandardEngine.startInternal(StandardEngine.java:203)
		at org.apache.catalina.util.LifecycleBase.start(LifecycleBase.java:164)
		at org.apache.catalina.core.StandardService.startInternal(StandardService.java:415)
		at org.apache.catalina.util.LifecycleBase.start(LifecycleBase.java:164)
		at org.apache.catalina.core.StandardServer.startInternal(StandardServer.java:866)
		at org.apache.catalina.util.LifecycleBase.start(LifecycleBase.java:164)
		at org.apache.catalina.startup.Catalina.start(Catalina.java:759)
		at java.base/jdk.internal.reflect.DirectMethodHandleAccessor.invoke(DirectMethodHandleAccessor.java:103)
		at java.base/java.lang.reflect.Method.invoke(Method.java:580)
		at org.apache.catalina.startup.Bootstrap.start(Bootstrap.java:342)
		at org.apache.catalina.startup.Bootstrap.main(Bootstrap.java:470)
	Caused by: org.apache.catalina.LifecycleException: Failed to start component [StandardEngine[Catalina].StandardHost[localhost].StandardContext[/JAVA_PRO_HILLEL-1.0-SNAPSHOT]]
		at org.apache.catalina.util.LifecycleBase.handleSubClassException(LifecycleBase.java:406)
		at org.apache.catalina.util.LifecycleBase.start(LifecycleBase.java:179)
		at org.apache.catalina.core.ContainerBase.addChild(ContainerBase.java:566)
		... 34 more
	Caused by: java.lang.IllegalArgumentException: The servlets named [org.dz37.controller.Order] and [org.dz37.controller.Order$SaveDataServlet] are both mapped to the url-pattern [/save-data] which is not permitted
		at org.apache.tomcat.util.descriptor.web.WebXml.addServletMappingDecoded(WebXml.java:358)
		at org.apache.tomcat.util.descriptor.web.WebXml.addServletMapping(WebXml.java:351)
		at org.apache.catalina.startup.ContextConfig.processAnnotationWebServlet(ContextConfig.java:2551)
		at org.apache.catalina.startup.ContextConfig.processClass(ContextConfig.java:2256)
		at org.apache.catalina.startup.ContextConfig.processAnnotationsStream(ContextConfig.java:2245)
		at org.apache.catalina.startup.ContextConfig.processAnnotationsWebResource(ContextConfig.java:2155)
		at org.apache.catalina.startup.ContextConfig.processAnnotationsWebResource(ContextConfig.java:2150)
		at org.apache.catalina.startup.ContextConfig.processAnnotationsWebResource(ContextConfig.java:2150)
		at org.apache.catalina.startup.ContextConfig.processAnnotationsWebResource(ContextConfig.java:2150)
		at org.apache.catalina.startup.ContextConfig.processClasses(ContextConfig.java:1363)
		at org.apache.catalina.startup.ContextConfig.webConfig(ContextConfig.java:1273)
		at org.apache.catalina.startup.ContextConfig.configureStart(ContextConfig.java:973)
		at org.apache.catalina.startup.ContextConfig.lifecycleEvent(ContextConfig.java:290)
		at org.apache.catalina.util.LifecycleBase.fireLifecycleEvent(LifecycleBase.java:109)
		at org.apache.catalina.core.StandardContext.startInternal(StandardContext.java:4311)
		at org.apache.catalina.util.LifecycleBase.start(LifecycleBase.java:164)
		... 35 more
03-Feb-2025 15:05:42.293 INFO [main] org.apache.catalina.startup.HostConfig.deployWAR Deployment of web application archive [/usr/local/tomcat/webapps/JAVA_PRO_HILLEL-1.0-SNAPSHOT.war] has finished in [167] ms
03-Feb-2025 15:05:42.294 INFO [main] org.apache.coyote.AbstractProtocol.start Starting ProtocolHandler ["http-nio-8080"]
03-Feb-2025 15:05:42.299 INFO [main] org.apache.catalina.startup.Catalina.start Server startup in [192] milliseconds
03-Feb-2025 15:09:41.716 INFO [Thread-1] org.apache.coyote.AbstractProtocol.pause Pausing ProtocolHandler ["http-nio-8080"]
03-Feb-2025 15:09:41.730 INFO [Thread-1] org.apache.catalina.core.StandardService.stopInternal Stopping service [Catalina]
03-Feb-2025 15:09:41.733 INFO [Thread-1] org.apache.coyote.AbstractProtocol.stop Stopping ProtocolHandler ["http-nio-8080"]
03-Feb-2025 15:09:41.741 INFO [Thread-1] org.apache.coyote.AbstractProtocol.destroy Destroying ProtocolHandler ["http-nio-8080"]
03-Feb-2025 15:09:45.318 INFO [main] org.apache.catalina.startup.VersionLoggerListener.log Server version name:   Apache Tomcat/11.0.2
03-Feb-2025 15:09:45.320 INFO [main] org.apache.catalina.startup.VersionLoggerListener.log Server built:          Dec 5 2024 15:19:37 UTC
03-Feb-2025 15:09:45.320 INFO [main] org.apache.catalina.startup.VersionLoggerListener.log Server version number: 11.0.2.0
03-Feb-2025 15:09:45.320 INFO [main] org.apache.catalina.startup.VersionLoggerListener.log OS Name:               Linux
03-Feb-2025 15:09:45.320 INFO [main] org.apache.catalina.startup.VersionLoggerListener.log OS Version:            6.12.5-linuxkit
03-Feb-2025 15:09:45.320 INFO [main] org.apache.catalina.startup.VersionLoggerListener.log Architecture:          aarch64
03-Feb-2025 15:09:45.320 INFO [main] org.apache.catalina.startup.VersionLoggerListener.log Java Home:             /opt/java/openjdk
03-Feb-2025 15:09:45.320 INFO [main] org.apache.catalina.startup.VersionLoggerListener.log JVM Version:           21.0.6+7-LTS
03-Feb-2025 15:09:45.320 INFO [main] org.apache.catalina.startup.VersionLoggerListener.log JVM Vendor:            Eclipse Adoptium
03-Feb-2025 15:09:45.320 INFO [main] org.apache.catalina.startup.VersionLoggerListener.log CATALINA_BASE:         /usr/local/tomcat
03-Feb-2025 15:09:45.320 INFO [main] org.apache.catalina.startup.VersionLoggerListener.log CATALINA_HOME:         /usr/local/tomcat
03-Feb-2025 15:09:45.324 INFO [main] org.apache.catalina.startup.VersionLoggerListener.log Command line argument: -Djava.util.logging.config.file=/usr/local/tomcat/conf/logging.properties
03-Feb-2025 15:09:45.324 INFO [main] org.apache.catalina.startup.VersionLoggerListener.log Command line argument: -Djava.util.logging.manager=org.apache.juli.ClassLoaderLogManager
03-Feb-2025 15:09:45.324 INFO [main] org.apache.catalina.startup.VersionLoggerListener.log Command line argument: -Djdk.tls.ephemeralDHKeySize=2048
03-Feb-2025 15:09:45.324 INFO [main] org.apache.catalina.startup.VersionLoggerListener.log Command line argument: -Dorg.apache.catalina.security.SecurityListener.UMASK=0027
03-Feb-2025 15:09:45.324 INFO [main] org.apache.catalina.startup.VersionLoggerListener.log Command line argument: --add-opens=java.base/java.lang=ALL-UNNAMED
03-Feb-2025 15:09:45.324 INFO [main] org.apache.catalina.startup.VersionLoggerListener.log Command line argument: --add-opens=java.base/java.io=ALL-UNNAMED
03-Feb-2025 15:09:45.324 INFO [main] org.apache.catalina.startup.VersionLoggerListener.log Command line argument: --add-opens=java.base/java.util=ALL-UNNAMED
03-Feb-2025 15:09:45.324 INFO [main] org.apache.catalina.startup.VersionLoggerListener.log Command line argument: --add-opens=java.base/java.util.concurrent=ALL-UNNAMED
03-Feb-2025 15:09:45.324 INFO [main] org.apache.catalina.startup.VersionLoggerListener.log Command line argument: --add-opens=java.rmi/sun.rmi.transport=ALL-UNNAMED
03-Feb-2025 15:09:45.325 INFO [main] org.apache.catalina.startup.VersionLoggerListener.log Command line argument: --enable-native-access=ALL-UNNAMED
03-Feb-2025 15:09:45.325 INFO [main] org.apache.catalina.startup.VersionLoggerListener.log Command line argument: -Dcatalina.base=/usr/local/tomcat
03-Feb-2025 15:09:45.325 INFO [main] org.apache.catalina.startup.VersionLoggerListener.log Command line argument: -Dcatalina.home=/usr/local/tomcat
03-Feb-2025 15:09:45.325 INFO [main] org.apache.catalina.startup.VersionLoggerListener.log Command line argument: -Djava.io.tmpdir=/usr/local/tomcat/temp
03-Feb-2025 15:09:45.326 INFO [main] org.apache.catalina.core.AprLifecycleListener.lifecycleEvent Loaded Apache Tomcat Native library [2.0.8] using APR version [1.7.2].
03-Feb-2025 15:09:45.328 INFO [main] org.apache.catalina.core.AprLifecycleListener.initializeSSL OpenSSL successfully initialized [OpenSSL 3.0.13 30 Jan 2024]
03-Feb-2025 15:09:45.449 INFO [main] org.apache.coyote.AbstractProtocol.init Initializing ProtocolHandler ["http-nio-8080"]
03-Feb-2025 15:09:45.457 INFO [main] org.apache.catalina.startup.Catalina.load Server initialization in [207] milliseconds
03-Feb-2025 15:09:45.472 INFO [main] org.apache.catalina.core.StandardService.startInternal Starting service [Catalina]
03-Feb-2025 15:09:45.472 INFO [main] org.apache.catalina.core.StandardEngine.startInternal Starting Servlet engine: [Apache Tomcat/11.0.2]
03-Feb-2025 15:09:45.480 INFO [main] org.apache.catalina.startup.HostConfig.deployWAR Deploying web application archive [/usr/local/tomcat/webapps/JAVA_PRO_HILLEL-1.0-SNAPSHOT.war]
03-Feb-2025 15:09:45.649 SEVERE [main] org.apache.catalina.startup.HostConfig.deployWAR Error deploying web application archive [/usr/local/tomcat/webapps/JAVA_PRO_HILLEL-1.0-SNAPSHOT.war]
	java.lang.IllegalStateException: Error starting child
		at org.apache.catalina.core.ContainerBase.addChild(ContainerBase.java:569)
		at org.apache.catalina.core.StandardHost.addChild(StandardHost.java:653)
		at org.apache.catalina.startup.HostConfig.deployWAR(HostConfig.java:933)
		at org.apache.catalina.startup.HostConfig$DeployWar.run(HostConfig.java:1875)
		at java.base/java.util.concurrent.Executors$RunnableAdapter.call(Executors.java:572)
		at java.base/java.util.concurrent.FutureTask.run(FutureTask.java:317)
		at org.apache.tomcat.util.threads.InlineExecutorService.execute(InlineExecutorService.java:75)
		at java.base/java.util.concurrent.AbstractExecutorService.submit(AbstractExecutorService.java:123)
		at org.apache.catalina.startup.HostConfig.deployWARs(HostConfig.java:735)
		at org.apache.catalina.startup.HostConfig.deployApps(HostConfig.java:387)
		at org.apache.catalina.startup.HostConfig.start(HostConfig.java:1593)
		at org.apache.catalina.startup.HostConfig.lifecycleEvent(HostConfig.java:267)
		at org.apache.catalina.util.LifecycleBase.fireLifecycleEvent(LifecycleBase.java:109)
		at org.apache.catalina.util.LifecycleBase.setStateInternal(LifecycleBase.java:389)
		at org.apache.catalina.util.LifecycleBase.setState(LifecycleBase.java:336)
		at org.apache.catalina.core.ContainerBase.startInternal(ContainerBase.java:743)
		at org.apache.catalina.core.StandardHost.startInternal(StandardHost.java:771)
		at org.apache.catalina.util.LifecycleBase.start(LifecycleBase.java:164)
		at org.apache.catalina.core.ContainerBase$StartChild.call(ContainerBase.java:1170)
		at org.apache.catalina.core.ContainerBase$StartChild.call(ContainerBase.java:1160)
		at java.base/java.util.concurrent.FutureTask.run(FutureTask.java:317)
		at org.apache.tomcat.util.threads.InlineExecutorService.execute(InlineExecutorService.java:75)
		at java.base/java.util.concurrent.AbstractExecutorService.submit(AbstractExecutorService.java:145)
		at org.apache.catalina.core.ContainerBase.startInternal(ContainerBase.java:716)
		at org.apache.catalina.core.StandardEngine.startInternal(StandardEngine.java:203)
		at org.apache.catalina.util.LifecycleBase.start(LifecycleBase.java:164)
		at org.apache.catalina.core.StandardService.startInternal(StandardService.java:415)
		at org.apache.catalina.util.LifecycleBase.start(LifecycleBase.java:164)
		at org.apache.catalina.core.StandardServer.startInternal(StandardServer.java:866)
		at org.apache.catalina.util.LifecycleBase.start(LifecycleBase.java:164)
		at org.apache.catalina.startup.Catalina.start(Catalina.java:759)
		at java.base/jdk.internal.reflect.DirectMethodHandleAccessor.invoke(DirectMethodHandleAccessor.java:103)
		at java.base/java.lang.reflect.Method.invoke(Method.java:580)
		at org.apache.catalina.startup.Bootstrap.start(Bootstrap.java:342)
		at org.apache.catalina.startup.Bootstrap.main(Bootstrap.java:470)
	Caused by: org.apache.catalina.LifecycleException: Failed to start component [StandardEngine[Catalina].StandardHost[localhost].StandardContext[/JAVA_PRO_HILLEL-1.0-SNAPSHOT]]
		at org.apache.catalina.util.LifecycleBase.handleSubClassException(LifecycleBase.java:406)
		at org.apache.catalina.util.LifecycleBase.start(LifecycleBase.java:179)
		at org.apache.catalina.core.ContainerBase.addChild(ContainerBase.java:566)
		... 34 more
	Caused by: java.lang.IllegalArgumentException: The servlets named [org.dz37.controller.Order] and [org.dz37.controller.Order$SaveDataServlet] are both mapped to the url-pattern [/save-data] which is not permitted
		at org.apache.tomcat.util.descriptor.web.WebXml.addServletMappingDecoded(WebXml.java:358)
		at org.apache.tomcat.util.descriptor.web.WebXml.addServletMapping(WebXml.java:351)
		at org.apache.catalina.startup.ContextConfig.processAnnotationWebServlet(ContextConfig.java:2551)
		at org.apache.catalina.startup.ContextConfig.processClass(ContextConfig.java:2256)
		at org.apache.catalina.startup.ContextConfig.processAnnotationsStream(ContextConfig.java:2245)
		at org.apache.catalina.startup.ContextConfig.processAnnotationsWebResource(ContextConfig.java:2155)
		at org.apache.catalina.startup.ContextConfig.processAnnotationsWebResource(ContextConfig.java:2150)
		at org.apache.catalina.startup.ContextConfig.processAnnotationsWebResource(ContextConfig.java:2150)
		at org.apache.catalina.startup.ContextConfig.processAnnotationsWebResource(ContextConfig.java:2150)
		at org.apache.catalina.startup.ContextConfig.processClasses(ContextConfig.java:1363)
		at org.apache.catalina.startup.ContextConfig.webConfig(ContextConfig.java:1273)
		at org.apache.catalina.startup.ContextConfig.configureStart(ContextConfig.java:973)
		at org.apache.catalina.startup.ContextConfig.lifecycleEvent(ContextConfig.java:290)
		at org.apache.catalina.util.LifecycleBase.fireLifecycleEvent(LifecycleBase.java:109)
		at org.apache.catalina.core.StandardContext.startInternal(StandardContext.java:4311)
		at org.apache.catalina.util.LifecycleBase.start(LifecycleBase.java:164)
		... 35 more
03-Feb-2025 15:09:45.650 INFO [main] org.apache.catalina.startup.HostConfig.deployWAR Deployment of web application archive [/usr/local/tomcat/webapps/JAVA_PRO_HILLEL-1.0-SNAPSHOT.war] has finished in [170] ms
03-Feb-2025 15:09:45.651 INFO [main] org.apache.coyote.AbstractProtocol.start Starting ProtocolHandler ["http-nio-8080"]
03-Feb-2025 15:09:45.655 INFO [main] org.apache.catalina.startup.Catalina.start Server startup in [198] milliseconds
03-Feb-2025 15:13:21.221 INFO [Thread-1] org.apache.coyote.AbstractProtocol.pause Pausing ProtocolHandler ["http-nio-8080"]
03-Feb-2025 15:13:21.231 INFO [Thread-1] org.apache.catalina.core.StandardService.stopInternal Stopping service [Catalina]
03-Feb-2025 15:13:21.235 INFO [Thread-1] org.apache.coyote.AbstractProtocol.stop Stopping ProtocolHandler ["http-nio-8080"]
03-Feb-2025 15:13:21.240 INFO [Thread-1] org.apache.coyote.AbstractProtocol.destroy Destroying ProtocolHandler ["http-nio-8080"]
03-Feb-2025 15:13:23.849 INFO [main] org.apache.catalina.startup.VersionLoggerListener.log Server version name:   Apache Tomcat/11.0.2
03-Feb-2025 15:13:23.850 INFO [main] org.apache.catalina.startup.VersionLoggerListener.log Server built:          Dec 5 2024 15:19:37 UTC
03-Feb-2025 15:13:23.850 INFO [main] org.apache.catalina.startup.VersionLoggerListener.log Server version number: 11.0.2.0
03-Feb-2025 15:13:23.850 INFO [main] org.apache.catalina.startup.VersionLoggerListener.log OS Name:               Linux
03-Feb-2025 15:13:23.850 INFO [main] org.apache.catalina.startup.VersionLoggerListener.log OS Version:            6.12.5-linuxkit
03-Feb-2025 15:13:23.850 INFO [main] org.apache.catalina.startup.VersionLoggerListener.log Architecture:          aarch64
03-Feb-2025 15:13:23.851 INFO [main] org.apache.catalina.startup.VersionLoggerListener.log Java Home:             /opt/java/openjdk
03-Feb-2025 15:13:23.851 INFO [main] org.apache.catalina.startup.VersionLoggerListener.log JVM Version:           21.0.6+7-LTS
03-Feb-2025 15:13:23.851 INFO [main] org.apache.catalina.startup.VersionLoggerListener.log JVM Vendor:            Eclipse Adoptium
03-Feb-2025 15:13:23.851 INFO [main] org.apache.catalina.startup.VersionLoggerListener.log CATALINA_BASE:         /usr/local/tomcat
03-Feb-2025 15:13:23.851 INFO [main] org.apache.catalina.startup.VersionLoggerListener.log CATALINA_HOME:         /usr/local/tomcat
03-Feb-2025 15:13:23.854 INFO [main] org.apache.catalina.startup.VersionLoggerListener.log Command line argument: -Djava.util.logging.config.file=/usr/local/tomcat/conf/logging.properties
03-Feb-2025 15:13:23.854 INFO [main] org.apache.catalina.startup.VersionLoggerListener.log Command line argument: -Djava.util.logging.manager=org.apache.juli.ClassLoaderLogManager
03-Feb-2025 15:13:23.854 INFO [main] org.apache.catalina.startup.VersionLoggerListener.log Command line argument: -Djdk.tls.ephemeralDHKeySize=2048
03-Feb-2025 15:13:23.854 INFO [main] org.apache.catalina.startup.VersionLoggerListener.log Command line argument: -Dorg.apache.catalina.security.SecurityListener.UMASK=0027
03-Feb-2025 15:13:23.854 INFO [main] org.apache.catalina.startup.VersionLoggerListener.log Command line argument: --add-opens=java.base/java.lang=ALL-UNNAMED
03-Feb-2025 15:13:23.854 INFO [main] org.apache.catalina.startup.VersionLoggerListener.log Command line argument: --add-opens=java.base/java.io=ALL-UNNAMED
03-Feb-2025 15:13:23.854 INFO [main] org.apache.catalina.startup.VersionLoggerListener.log Command line argument: --add-opens=java.base/java.util=ALL-UNNAMED
03-Feb-2025 15:13:23.854 INFO [main] org.apache.catalina.startup.VersionLoggerListener.log Command line argument: --add-opens=java.base/java.util.concurrent=ALL-UNNAMED
03-Feb-2025 15:13:23.855 INFO [main] org.apache.catalina.startup.VersionLoggerListener.log Command line argument: --add-opens=java.rmi/sun.rmi.transport=ALL-UNNAMED
03-Feb-2025 15:13:23.855 INFO [main] org.apache.catalina.startup.VersionLoggerListener.log Command line argument: --enable-native-access=ALL-UNNAMED
03-Feb-2025 15:13:23.855 INFO [main] org.apache.catalina.startup.VersionLoggerListener.log Command line argument: -Dcatalina.base=/usr/local/tomcat
03-Feb-2025 15:13:23.855 INFO [main] org.apache.catalina.startup.VersionLoggerListener.log Command line argument: -Dcatalina.home=/usr/local/tomcat
03-Feb-2025 15:13:23.855 INFO [main] org.apache.catalina.startup.VersionLoggerListener.log Command line argument: -Djava.io.tmpdir=/usr/local/tomcat/temp
03-Feb-2025 15:13:23.856 INFO [main] org.apache.catalina.core.AprLifecycleListener.lifecycleEvent Loaded Apache Tomcat Native library [2.0.8] using APR version [1.7.2].
03-Feb-2025 15:13:23.858 INFO [main] org.apache.catalina.core.AprLifecycleListener.initializeSSL OpenSSL successfully initialized [OpenSSL 3.0.13 30 Jan 2024]
03-Feb-2025 15:13:23.975 INFO [main] org.apache.coyote.AbstractProtocol.init Initializing ProtocolHandler ["http-nio-8080"]
03-Feb-2025 15:13:23.982 INFO [main] org.apache.catalina.startup.Catalina.load Server initialization in [204] milliseconds
03-Feb-2025 15:13:23.996 INFO [main] org.apache.catalina.core.StandardService.startInternal Starting service [Catalina]
03-Feb-2025 15:13:23.996 INFO [main] org.apache.catalina.core.StandardEngine.startInternal Starting Servlet engine: [Apache Tomcat/11.0.2]
03-Feb-2025 15:13:24.005 INFO [main] org.apache.catalina.startup.HostConfig.deployWAR Deploying web application archive [/usr/local/tomcat/webapps/JAVA_PRO_HILLEL-1.0-SNAPSHOT.war]
03-Feb-2025 15:13:24.170 SEVERE [main] org.apache.catalina.startup.HostConfig.deployWAR Error deploying web application archive [/usr/local/tomcat/webapps/JAVA_PRO_HILLEL-1.0-SNAPSHOT.war]
	java.lang.IllegalStateException: Error starting child
		at org.apache.catalina.core.ContainerBase.addChild(ContainerBase.java:569)
		at org.apache.catalina.core.StandardHost.addChild(StandardHost.java:653)
		at org.apache.catalina.startup.HostConfig.deployWAR(HostConfig.java:933)
		at org.apache.catalina.startup.HostConfig$DeployWar.run(HostConfig.java:1875)
		at java.base/java.util.concurrent.Executors$RunnableAdapter.call(Executors.java:572)
		at java.base/java.util.concurrent.FutureTask.run(FutureTask.java:317)
		at org.apache.tomcat.util.threads.InlineExecutorService.execute(InlineExecutorService.java:75)
		at java.base/java.util.concurrent.AbstractExecutorService.submit(AbstractExecutorService.java:123)
		at org.apache.catalina.startup.HostConfig.deployWARs(HostConfig.java:735)
		at org.apache.catalina.startup.HostConfig.deployApps(HostConfig.java:387)
		at org.apache.catalina.startup.HostConfig.start(HostConfig.java:1593)
		at org.apache.catalina.startup.HostConfig.lifecycleEvent(HostConfig.java:267)
		at org.apache.catalina.util.LifecycleBase.fireLifecycleEvent(LifecycleBase.java:109)
		at org.apache.catalina.util.LifecycleBase.setStateInternal(LifecycleBase.java:389)
		at org.apache.catalina.util.LifecycleBase.setState(LifecycleBase.java:336)
		at org.apache.catalina.core.ContainerBase.startInternal(ContainerBase.java:743)
		at org.apache.catalina.core.StandardHost.startInternal(StandardHost.java:771)
		at org.apache.catalina.util.LifecycleBase.start(LifecycleBase.java:164)
		at org.apache.catalina.core.ContainerBase$StartChild.call(ContainerBase.java:1170)
		at org.apache.catalina.core.ContainerBase$StartChild.call(ContainerBase.java:1160)
		at java.base/java.util.concurrent.FutureTask.run(FutureTask.java:317)
		at org.apache.tomcat.util.threads.InlineExecutorService.execute(InlineExecutorService.java:75)
		at java.base/java.util.concurrent.AbstractExecutorService.submit(AbstractExecutorService.java:145)
		at org.apache.catalina.core.ContainerBase.startInternal(ContainerBase.java:716)
		at org.apache.catalina.core.StandardEngine.startInternal(StandardEngine.java:203)
		at org.apache.catalina.util.LifecycleBase.start(LifecycleBase.java:164)
		at org.apache.catalina.core.StandardService.startInternal(StandardService.java:415)
		at org.apache.catalina.util.LifecycleBase.start(LifecycleBase.java:164)
		at org.apache.catalina.core.StandardServer.startInternal(StandardServer.java:866)
		at org.apache.catalina.util.LifecycleBase.start(LifecycleBase.java:164)
		at org.apache.catalina.startup.Catalina.start(Catalina.java:759)
		at java.base/jdk.internal.reflect.DirectMethodHandleAccessor.invoke(DirectMethodHandleAccessor.java:103)
		at java.base/java.lang.reflect.Method.invoke(Method.java:580)
		at org.apache.catalina.startup.Bootstrap.start(Bootstrap.java:342)
		at org.apache.catalina.startup.Bootstrap.main(Bootstrap.java:470)
	Caused by: org.apache.catalina.LifecycleException: Failed to start component [StandardEngine[Catalina].StandardHost[localhost].StandardContext[/JAVA_PRO_HILLEL-1.0-SNAPSHOT]]
		at org.apache.catalina.util.LifecycleBase.handleSubClassException(LifecycleBase.java:406)
		at org.apache.catalina.util.LifecycleBase.start(LifecycleBase.java:179)
		at org.apache.catalina.core.ContainerBase.addChild(ContainerBase.java:566)
		... 34 more
	Caused by: java.lang.IllegalArgumentException: The servlets named [org.dz37.controller.Order] and [org.dz37.controller.Order$SaveDataServlet] are both mapped to the url-pattern [/save-data] which is not permitted
		at org.apache.tomcat.util.descriptor.web.WebXml.addServletMappingDecoded(WebXml.java:358)
		at org.apache.tomcat.util.descriptor.web.WebXml.addServletMapping(WebXml.java:351)
		at org.apache.catalina.startup.ContextConfig.processAnnotationWebServlet(ContextConfig.java:2551)
		at org.apache.catalina.startup.ContextConfig.processClass(ContextConfig.java:2256)
		at org.apache.catalina.startup.ContextConfig.processAnnotationsStream(ContextConfig.java:2245)
		at org.apache.catalina.startup.ContextConfig.processAnnotationsWebResource(ContextConfig.java:2155)
		at org.apache.catalina.startup.ContextConfig.processAnnotationsWebResource(ContextConfig.java:2150)
		at org.apache.catalina.startup.ContextConfig.processAnnotationsWebResource(ContextConfig.java:2150)
		at org.apache.catalina.startup.ContextConfig.processAnnotationsWebResource(ContextConfig.java:2150)
		at org.apache.catalina.startup.ContextConfig.processClasses(ContextConfig.java:1363)
		at org.apache.catalina.startup.ContextConfig.webConfig(ContextConfig.java:1273)
		at org.apache.catalina.startup.ContextConfig.configureStart(ContextConfig.java:973)
		at org.apache.catalina.startup.ContextConfig.lifecycleEvent(ContextConfig.java:290)
		at org.apache.catalina.util.LifecycleBase.fireLifecycleEvent(LifecycleBase.java:109)
		at org.apache.catalina.core.StandardContext.startInternal(StandardContext.java:4311)
		at org.apache.catalina.util.LifecycleBase.start(LifecycleBase.java:164)
		... 35 more
03-Feb-2025 15:13:24.171 INFO [main] org.apache.catalina.startup.HostConfig.deployWAR Deployment of web application archive [/usr/local/tomcat/webapps/JAVA_PRO_HILLEL-1.0-SNAPSHOT.war] has finished in [166] ms
03-Feb-2025 15:13:24.172 INFO [main] org.apache.coyote.AbstractProtocol.start Starting ProtocolHandler ["http-nio-8080"]
03-Feb-2025 15:13:24.176 INFO [main] org.apache.catalina.startup.Catalina.start Server startup in [193] milliseconds
03-Feb-2025 15:13:42.506 INFO [Thread-1] org.apache.coyote.AbstractProtocol.pause Pausing ProtocolHandler ["http-nio-8080"]
03-Feb-2025 15:13:42.516 INFO [Thread-1] org.apache.catalina.core.StandardService.stopInternal Stopping service [Catalina]
03-Feb-2025 15:13:42.520 INFO [Thread-1] org.apache.coyote.AbstractProtocol.stop Stopping ProtocolHandler ["http-nio-8080"]
03-Feb-2025 15:13:42.524 INFO [Thread-1] org.apache.coyote.AbstractProtocol.destroy Destroying ProtocolHandler ["http-nio-8080"]
03-Feb-2025 15:14:25.992 INFO [main] org.apache.catalina.startup.VersionLoggerListener.log Server version name:   Apache Tomcat/11.0.2
03-Feb-2025 15:14:25.993 INFO [main] org.apache.catalina.startup.VersionLoggerListener.log Server built:          Dec 5 2024 15:19:37 UTC
03-Feb-2025 15:14:25.994 INFO [main] org.apache.catalina.startup.VersionLoggerListener.log Server version number: 11.0.2.0
03-Feb-2025 15:14:25.994 INFO [main] org.apache.catalina.startup.VersionLoggerListener.log OS Name:               Linux
03-Feb-2025 15:14:25.994 INFO [main] org.apache.catalina.startup.VersionLoggerListener.log OS Version:            6.12.5-linuxkit
03-Feb-2025 15:14:25.994 INFO [main] org.apache.catalina.startup.VersionLoggerListener.log Architecture:          aarch64
03-Feb-2025 15:14:25.994 INFO [main] org.apache.catalina.startup.VersionLoggerListener.log Java Home:             /opt/java/openjdk
03-Feb-2025 15:14:25.994 INFO [main] org.apache.catalina.startup.VersionLoggerListener.log JVM Version:           21.0.6+7-LTS
03-Feb-2025 15:14:25.994 INFO [main] org.apache.catalina.startup.VersionLoggerListener.log JVM Vendor:            Eclipse Adoptium
03-Feb-2025 15:14:25.994 INFO [main] org.apache.catalina.startup.VersionLoggerListener.log CATALINA_BASE:         /usr/local/tomcat
03-Feb-2025 15:14:25.994 INFO [main] org.apache.catalina.startup.VersionLoggerListener.log CATALINA_HOME:         /usr/local/tomcat
03-Feb-2025 15:14:25.998 INFO [main] org.apache.catalina.startup.VersionLoggerListener.log Command line argument: -Djava.util.logging.config.file=/usr/local/tomcat/conf/logging.properties
03-Feb-2025 15:14:25.998 INFO [main] org.apache.catalina.startup.VersionLoggerListener.log Command line argument: -Djava.util.logging.manager=org.apache.juli.ClassLoaderLogManager
03-Feb-2025 15:14:25.998 INFO [main] org.apache.catalina.startup.VersionLoggerListener.log Command line argument: -Djdk.tls.ephemeralDHKeySize=2048
03-Feb-2025 15:14:25.998 INFO [main] org.apache.catalina.startup.VersionLoggerListener.log Command line argument: -Dorg.apache.catalina.security.SecurityListener.UMASK=0027
03-Feb-2025 15:14:25.998 INFO [main] org.apache.catalina.startup.VersionLoggerListener.log Command line argument: --add-opens=java.base/java.lang=ALL-UNNAMED
03-Feb-2025 15:14:25.998 INFO [main] org.apache.catalina.startup.VersionLoggerListener.log Command line argument: --add-opens=java.base/java.io=ALL-UNNAMED
03-Feb-2025 15:14:25.998 INFO [main] org.apache.catalina.startup.VersionLoggerListener.log Command line argument: --add-opens=java.base/java.util=ALL-UNNAMED
03-Feb-2025 15:14:25.998 INFO [main] org.apache.catalina.startup.VersionLoggerListener.log Command line argument: --add-opens=java.base/java.util.concurrent=ALL-UNNAMED
03-Feb-2025 15:14:25.998 INFO [main] org.apache.catalina.startup.VersionLoggerListener.log Command line argument: --add-opens=java.rmi/sun.rmi.transport=ALL-UNNAMED
03-Feb-2025 15:14:25.998 INFO [main] org.apache.catalina.startup.VersionLoggerListener.log Command line argument: --enable-native-access=ALL-UNNAMED
03-Feb-2025 15:14:25.998 INFO [main] org.apache.catalina.startup.VersionLoggerListener.log Command line argument: -Dcatalina.base=/usr/local/tomcat
03-Feb-2025 15:14:25.998 INFO [main] org.apache.catalina.startup.VersionLoggerListener.log Command line argument: -Dcatalina.home=/usr/local/tomcat
03-Feb-2025 15:14:25.998 INFO [main] org.apache.catalina.startup.VersionLoggerListener.log Command line argument: -Djava.io.tmpdir=/usr/local/tomcat/temp
03-Feb-2025 15:14:26.000 INFO [main] org.apache.catalina.core.AprLifecycleListener.lifecycleEvent Loaded Apache Tomcat Native library [2.0.8] using APR version [1.7.2].
03-Feb-2025 15:14:26.002 INFO [main] org.apache.catalina.core.AprLifecycleListener.initializeSSL OpenSSL successfully initialized [OpenSSL 3.0.13 30 Jan 2024]
03-Feb-2025 15:14:26.121 INFO [main] org.apache.coyote.AbstractProtocol.init Initializing ProtocolHandler ["http-nio-8080"]
03-Feb-2025 15:14:26.129 INFO [main] org.apache.catalina.startup.Catalina.load Server initialization in [218] milliseconds
03-Feb-2025 15:14:26.143 INFO [main] org.apache.catalina.core.StandardService.startInternal Starting service [Catalina]
03-Feb-2025 15:14:26.143 INFO [main] org.apache.catalina.core.StandardEngine.startInternal Starting Servlet engine: [Apache Tomcat/11.0.2]
03-Feb-2025 15:14:26.153 INFO [main] org.apache.catalina.startup.HostConfig.deployWAR Deploying web application archive [/usr/local/tomcat/webapps/JAVA_PRO_HILLEL-1.0-SNAPSHOT.war]
03-Feb-2025 15:14:26.571 INFO [main] org.apache.jasper.servlet.TldScanner.scanJars At least one JAR was scanned for TLDs yet contained no TLDs. Enable debug logging for this logger for a complete list of JARs that were scanned but no TLDs were found in them. Skipping unneeded JARs during scanning can improve startup time and JSP compilation time.
03-Feb-2025 15:14:26.655 INFO [main] org.apache.catalina.startup.HostConfig.deployWAR Deployment of web application archive [/usr/local/tomcat/webapps/JAVA_PRO_HILLEL-1.0-SNAPSHOT.war] has finished in [501] ms
03-Feb-2025 15:14:26.656 INFO [main] org.apache.coyote.AbstractProtocol.start Starting ProtocolHandler ["http-nio-8080"]
03-Feb-2025 15:14:26.660 INFO [main] org.apache.catalina.startup.Catalina.start Server startup in [531] milliseconds
03-Feb-2025 15:14:48.016 INFO [Thread-1] org.apache.coyote.AbstractProtocol.pause Pausing ProtocolHandler ["http-nio-8080"]
03-Feb-2025 15:14:48.020 INFO [Thread-1] org.apache.catalina.core.StandardService.stopInternal Stopping service [Catalina]
03-Feb-2025 15:14:48.033 INFO [Thread-1] org.apache.coyote.AbstractProtocol.stop Stopping ProtocolHandler ["http-nio-8080"]
03-Feb-2025 15:14:48.043 INFO [Thread-1] org.apache.coyote.AbstractProtocol.destroy Destroying ProtocolHandler ["http-nio-8080"]
03-Feb-2025 19:10:38.728 INFO [main] org.apache.catalina.startup.VersionLoggerListener.log Server version name:   Apache Tomcat/11.0.2
03-Feb-2025 19:10:38.731 INFO [main] org.apache.catalina.startup.VersionLoggerListener.log Server built:          Dec 5 2024 15:19:37 UTC
03-Feb-2025 19:10:38.731 INFO [main] org.apache.catalina.startup.VersionLoggerListener.log Server version number: 11.0.2.0
03-Feb-2025 19:10:38.731 INFO [main] org.apache.catalina.startup.VersionLoggerListener.log OS Name:               Linux
03-Feb-2025 19:10:38.731 INFO [main] org.apache.catalina.startup.VersionLoggerListener.log OS Version:            6.12.5-linuxkit
03-Feb-2025 19:10:38.731 INFO [main] org.apache.catalina.startup.VersionLoggerListener.log Architecture:          aarch64
03-Feb-2025 19:10:38.731 INFO [main] org.apache.catalina.startup.VersionLoggerListener.log Java Home:             /opt/java/openjdk
03-Feb-2025 19:10:38.731 INFO [main] org.apache.catalina.startup.VersionLoggerListener.log JVM Version:           21.0.6+7-LTS
03-Feb-2025 19:10:38.731 INFO [main] org.apache.catalina.startup.VersionLoggerListener.log JVM Vendor:            Eclipse Adoptium
03-Feb-2025 19:10:38.731 INFO [main] org.apache.catalina.startup.VersionLoggerListener.log CATALINA_BASE:         /usr/local/tomcat
03-Feb-2025 19:10:38.732 INFO [main] org.apache.catalina.startup.VersionLoggerListener.log CATALINA_HOME:         /usr/local/tomcat
03-Feb-2025 19:10:38.738 INFO [main] org.apache.catalina.startup.VersionLoggerListener.log Command line argument: -Djava.util.logging.config.file=/usr/local/tomcat/conf/logging.properties
03-Feb-2025 19:10:38.738 INFO [main] org.apache.catalina.startup.VersionLoggerListener.log Command line argument: -Djava.util.logging.manager=org.apache.juli.ClassLoaderLogManager
03-Feb-2025 19:10:38.739 INFO [main] org.apache.catalina.startup.VersionLoggerListener.log Command line argument: -Djdk.tls.ephemeralDHKeySize=2048
03-Feb-2025 19:10:38.739 INFO [main] org.apache.catalina.startup.VersionLoggerListener.log Command line argument: -Dorg.apache.catalina.security.SecurityListener.UMASK=0027
03-Feb-2025 19:10:38.739 INFO [main] org.apache.catalina.startup.VersionLoggerListener.log Command line argument: --add-opens=java.base/java.lang=ALL-UNNAMED
03-Feb-2025 19:10:38.739 INFO [main] org.apache.catalina.startup.VersionLoggerListener.log Command line argument: --add-opens=java.base/java.io=ALL-UNNAMED
03-Feb-2025 19:10:38.739 INFO [main] org.apache.catalina.startup.VersionLoggerListener.log Command line argument: --add-opens=java.base/java.util=ALL-UNNAMED
03-Feb-2025 19:10:38.739 INFO [main] org.apache.catalina.startup.VersionLoggerListener.log Command line argument: --add-opens=java.base/java.util.concurrent=ALL-UNNAMED
03-Feb-2025 19:10:38.739 INFO [main] org.apache.catalina.startup.VersionLoggerListener.log Command line argument: --add-opens=java.rmi/sun.rmi.transport=ALL-UNNAMED
03-Feb-2025 19:10:38.739 INFO [main] org.apache.catalina.startup.VersionLoggerListener.log Command line argument: --enable-native-access=ALL-UNNAMED
03-Feb-2025 19:10:38.739 INFO [main] org.apache.catalina.startup.VersionLoggerListener.log Command line argument: -Dcatalina.base=/usr/local/tomcat
03-Feb-2025 19:10:38.739 INFO [main] org.apache.catalina.startup.VersionLoggerListener.log Command line argument: -Dcatalina.home=/usr/local/tomcat
03-Feb-2025 19:10:38.739 INFO [main] org.apache.catalina.startup.VersionLoggerListener.log Command line argument: -Djava.io.tmpdir=/usr/local/tomcat/temp
03-Feb-2025 19:10:38.746 INFO [main] org.apache.catalina.core.AprLifecycleListener.lifecycleEvent Loaded Apache Tomcat Native library [2.0.8] using APR version [1.7.2].
03-Feb-2025 19:10:38.753 INFO [main] org.apache.catalina.core.AprLifecycleListener.initializeSSL OpenSSL successfully initialized [OpenSSL 3.0.13 30 Jan 2024]
03-Feb-2025 19:10:38.892 INFO [main] org.apache.coyote.AbstractProtocol.init Initializing ProtocolHandler ["http-nio-8080"]
03-Feb-2025 19:10:38.904 INFO [main] org.apache.catalina.startup.Catalina.load Server initialization in [270] milliseconds
03-Feb-2025 19:10:38.922 INFO [main] org.apache.catalina.core.StandardService.startInternal Starting service [Catalina]
03-Feb-2025 19:10:38.922 INFO [main] org.apache.catalina.core.StandardEngine.startInternal Starting Servlet engine: [Apache Tomcat/11.0.2]
03-Feb-2025 19:10:38.929 INFO [main] org.apache.catalina.startup.HostConfig.deployWAR Deploying web application archive [/usr/local/tomcat/webapps/JAVA_PRO_HILLEL-1.0-SNAPSHOT.war]
03-Feb-2025 19:10:39.301 INFO [main] org.apache.jasper.servlet.TldScanner.scanJars At least one JAR was scanned for TLDs yet contained no TLDs. Enable debug logging for this logger for a complete list of JARs that were scanned but no TLDs were found in them. Skipping unneeded JARs during scanning can improve startup time and JSP compilation time.
03-Feb-2025 19:10:39.386 INFO [main] org.apache.catalina.startup.HostConfig.deployWAR Deployment of web application archive [/usr/local/tomcat/webapps/JAVA_PRO_HILLEL-1.0-SNAPSHOT.war] has finished in [457] ms
03-Feb-2025 19:10:39.387 INFO [main] org.apache.coyote.AbstractProtocol.start Starting ProtocolHandler ["http-nio-8080"]
03-Feb-2025 19:10:39.392 INFO [main] org.apache.catalina.startup.Catalina.start Server startup in [487] milliseconds
03-Feb-2025 19:12:10.061 INFO [Thread-1] org.apache.coyote.AbstractProtocol.pause Pausing ProtocolHandler ["http-nio-8080"]
03-Feb-2025 19:12:10.066 INFO [Thread-1] org.apache.catalina.core.StandardService.stopInternal Stopping service [Catalina]
03-Feb-2025 19:12:10.078 INFO [Thread-1] org.apache.coyote.AbstractProtocol.stop Stopping ProtocolHandler ["http-nio-8080"]
03-Feb-2025 19:12:10.091 INFO [Thread-1] org.apache.coyote.AbstractProtocol.destroy Destroying ProtocolHandler ["http-nio-8080"]
03-Feb-2025 19:12:20.373 INFO [main] org.apache.catalina.startup.VersionLoggerListener.log Server version name:   Apache Tomcat/11.0.2
03-Feb-2025 19:12:20.375 INFO [main] org.apache.catalina.startup.VersionLoggerListener.log Server built:          Dec 5 2024 15:19:37 UTC
03-Feb-2025 19:12:20.375 INFO [main] org.apache.catalina.startup.VersionLoggerListener.log Server version number: 11.0.2.0
03-Feb-2025 19:12:20.375 INFO [main] org.apache.catalina.startup.VersionLoggerListener.log OS Name:               Linux
03-Feb-2025 19:12:20.375 INFO [main] org.apache.catalina.startup.VersionLoggerListener.log OS Version:            6.12.5-linuxkit
03-Feb-2025 19:12:20.375 INFO [main] org.apache.catalina.startup.VersionLoggerListener.log Architecture:          aarch64
03-Feb-2025 19:12:20.375 INFO [main] org.apache.catalina.startup.VersionLoggerListener.log Java Home:             /opt/java/openjdk
03-Feb-2025 19:12:20.375 INFO [main] org.apache.catalina.startup.VersionLoggerListener.log JVM Version:           21.0.6+7-LTS
03-Feb-2025 19:12:20.375 INFO [main] org.apache.catalina.startup.VersionLoggerListener.log JVM Vendor:            Eclipse Adoptium
03-Feb-2025 19:12:20.375 INFO [main] org.apache.catalina.startup.VersionLoggerListener.log CATALINA_BASE:         /usr/local/tomcat
03-Feb-2025 19:12:20.376 INFO [main] org.apache.catalina.startup.VersionLoggerListener.log CATALINA_HOME:         /usr/local/tomcat
03-Feb-2025 19:12:20.379 INFO [main] org.apache.catalina.startup.VersionLoggerListener.log Command line argument: -Djava.util.logging.config.file=/usr/local/tomcat/conf/logging.properties
03-Feb-2025 19:12:20.379 INFO [main] org.apache.catalina.startup.VersionLoggerListener.log Command line argument: -Djava.util.logging.manager=org.apache.juli.ClassLoaderLogManager
03-Feb-2025 19:12:20.379 INFO [main] org.apache.catalina.startup.VersionLoggerListener.log Command line argument: -Djdk.tls.ephemeralDHKeySize=2048
03-Feb-2025 19:12:20.379 INFO [main] org.apache.catalina.startup.VersionLoggerListener.log Command line argument: -Dorg.apache.catalina.security.SecurityListener.UMASK=0027
03-Feb-2025 19:12:20.379 INFO [main] org.apache.catalina.startup.VersionLoggerListener.log Command line argument: --add-opens=java.base/java.lang=ALL-UNNAMED
03-Feb-2025 19:12:20.379 INFO [main] org.apache.catalina.startup.VersionLoggerListener.log Command line argument: --add-opens=java.base/java.io=ALL-UNNAMED
03-Feb-2025 19:12:20.380 INFO [main] org.apache.catalina.startup.VersionLoggerListener.log Command line argument: --add-opens=java.base/java.util=ALL-UNNAMED
03-Feb-2025 19:12:20.380 INFO [main] org.apache.catalina.startup.VersionLoggerListener.log Command line argument: --add-opens=java.base/java.util.concurrent=ALL-UNNAMED
03-Feb-2025 19:12:20.380 INFO [main] org.apache.catalina.startup.VersionLoggerListener.log Command line argument: --add-opens=java.rmi/sun.rmi.transport=ALL-UNNAMED
03-Feb-2025 19:12:20.380 INFO [main] org.apache.catalina.startup.VersionLoggerListener.log Command line argument: --enable-native-access=ALL-UNNAMED
03-Feb-2025 19:12:20.380 INFO [main] org.apache.catalina.startup.VersionLoggerListener.log Command line argument: -Dcatalina.base=/usr/local/tomcat
03-Feb-2025 19:12:20.380 INFO [main] org.apache.catalina.startup.VersionLoggerListener.log Command line argument: -Dcatalina.home=/usr/local/tomcat
03-Feb-2025 19:12:20.380 INFO [main] org.apache.catalina.startup.VersionLoggerListener.log Command line argument: -Djava.io.tmpdir=/usr/local/tomcat/temp
03-Feb-2025 19:12:20.381 INFO [main] org.apache.catalina.core.AprLifecycleListener.lifecycleEvent Loaded Apache Tomcat Native library [2.0.8] using APR version [1.7.2].
03-Feb-2025 19:12:20.383 INFO [main] org.apache.catalina.core.AprLifecycleListener.initializeSSL OpenSSL successfully initialized [OpenSSL 3.0.13 30 Jan 2024]
03-Feb-2025 19:12:20.498 INFO [main] org.apache.coyote.AbstractProtocol.init Initializing ProtocolHandler ["http-nio-8080"]
03-Feb-2025 19:12:20.505 INFO [main] org.apache.catalina.startup.Catalina.load Server initialization in [201] milliseconds
03-Feb-2025 19:12:20.519 INFO [main] org.apache.catalina.core.StandardService.startInternal Starting service [Catalina]
03-Feb-2025 19:12:20.519 INFO [main] org.apache.catalina.core.StandardEngine.startInternal Starting Servlet engine: [Apache Tomcat/11.0.2]
03-Feb-2025 19:12:20.528 INFO [main] org.apache.catalina.startup.HostConfig.deployWAR Deploying web application archive [/usr/local/tomcat/webapps/JAVA_PRO_HILLEL-1.0-SNAPSHOT.war]
03-Feb-2025 19:12:20.907 INFO [main] org.apache.jasper.servlet.TldScanner.scanJars At least one JAR was scanned for TLDs yet contained no TLDs. Enable debug logging for this logger for a complete list of JARs that were scanned but no TLDs were found in them. Skipping unneeded JARs during scanning can improve startup time and JSP compilation time.
03-Feb-2025 19:12:20.984 INFO [main] org.apache.catalina.startup.HostConfig.deployWAR Deployment of web application archive [/usr/local/tomcat/webapps/JAVA_PRO_HILLEL-1.0-SNAPSHOT.war] has finished in [456] ms
03-Feb-2025 19:12:20.985 INFO [main] org.apache.coyote.AbstractProtocol.start Starting ProtocolHandler ["http-nio-8080"]
03-Feb-2025 19:12:20.989 INFO [main] org.apache.catalina.startup.Catalina.start Server startup in [483] milliseconds
03-Feb-2025 19:13:05.541 INFO [Thread-1] org.apache.coyote.AbstractProtocol.pause Pausing ProtocolHandler ["http-nio-8080"]
03-Feb-2025 19:13:05.545 INFO [Thread-1] org.apache.catalina.core.StandardService.stopInternal Stopping service [Catalina]
03-Feb-2025 19:13:05.555 INFO [Thread-1] org.apache.coyote.AbstractProtocol.stop Stopping ProtocolHandler ["http-nio-8080"]
03-Feb-2025 19:13:05.557 INFO [Thread-1] org.apache.coyote.AbstractProtocol.destroy Destroying ProtocolHandler ["http-nio-8080"]
03-Feb-2025 19:13:52.483 INFO [main] org.apache.catalina.startup.VersionLoggerListener.log Server version name:   Apache Tomcat/11.0.2
03-Feb-2025 19:13:52.484 INFO [main] org.apache.catalina.startup.VersionLoggerListener.log Server built:          Dec 5 2024 15:19:37 UTC
03-Feb-2025 19:13:52.484 INFO [main] org.apache.catalina.startup.VersionLoggerListener.log Server version number: 11.0.2.0
03-Feb-2025 19:13:52.484 INFO [main] org.apache.catalina.startup.VersionLoggerListener.log OS Name:               Linux
03-Feb-2025 19:13:52.484 INFO [main] org.apache.catalina.startup.VersionLoggerListener.log OS Version:            6.12.5-linuxkit
03-Feb-2025 19:13:52.484 INFO [main] org.apache.catalina.startup.VersionLoggerListener.log Architecture:          aarch64
03-Feb-2025 19:13:52.484 INFO [main] org.apache.catalina.startup.VersionLoggerListener.log Java Home:             /opt/java/openjdk
03-Feb-2025 19:13:52.484 INFO [main] org.apache.catalina.startup.VersionLoggerListener.log JVM Version:           21.0.6+7-LTS
03-Feb-2025 19:13:52.484 INFO [main] org.apache.catalina.startup.VersionLoggerListener.log JVM Vendor:            Eclipse Adoptium
03-Feb-2025 19:13:52.484 INFO [main] org.apache.catalina.startup.VersionLoggerListener.log CATALINA_BASE:         /usr/local/tomcat
03-Feb-2025 19:13:52.485 INFO [main] org.apache.catalina.startup.VersionLoggerListener.log CATALINA_HOME:         /usr/local/tomcat
03-Feb-2025 19:13:52.488 INFO [main] org.apache.catalina.startup.VersionLoggerListener.log Command line argument: -Djava.util.logging.config.file=/usr/local/tomcat/conf/logging.properties
03-Feb-2025 19:13:52.488 INFO [main] org.apache.catalina.startup.VersionLoggerListener.log Command line argument: -Djava.util.logging.manager=org.apache.juli.ClassLoaderLogManager
03-Feb-2025 19:13:52.488 INFO [main] org.apache.catalina.startup.VersionLoggerListener.log Command line argument: -Djdk.tls.ephemeralDHKeySize=2048
03-Feb-2025 19:13:52.488 INFO [main] org.apache.catalina.startup.VersionLoggerListener.log Command line argument: -Dorg.apache.catalina.security.SecurityListener.UMASK=0027
03-Feb-2025 19:13:52.488 INFO [main] org.apache.catalina.startup.VersionLoggerListener.log Command line argument: --add-opens=java.base/java.lang=ALL-UNNAMED
03-Feb-2025 19:13:52.488 INFO [main] org.apache.catalina.startup.VersionLoggerListener.log Command line argument: --add-opens=java.base/java.io=ALL-UNNAMED
03-Feb-2025 19:13:52.488 INFO [main] org.apache.catalina.startup.VersionLoggerListener.log Command line argument: --add-opens=java.base/java.util=ALL-UNNAMED
03-Feb-2025 19:13:52.488 INFO [main] org.apache.catalina.startup.VersionLoggerListener.log Command line argument: --add-opens=java.base/java.util.concurrent=ALL-UNNAMED
03-Feb-2025 19:13:52.488 INFO [main] org.apache.catalina.startup.VersionLoggerListener.log Command line argument: --add-opens=java.rmi/sun.rmi.transport=ALL-UNNAMED
03-Feb-2025 19:13:52.488 INFO [main] org.apache.catalina.startup.VersionLoggerListener.log Command line argument: --enable-native-access=ALL-UNNAMED
03-Feb-2025 19:13:52.488 INFO [main] org.apache.catalina.startup.VersionLoggerListener.log Command line argument: -Dcatalina.base=/usr/local/tomcat
03-Feb-2025 19:13:52.488 INFO [main] org.apache.catalina.startup.VersionLoggerListener.log Command line argument: -Dcatalina.home=/usr/local/tomcat
03-Feb-2025 19:13:52.488 INFO [main] org.apache.catalina.startup.VersionLoggerListener.log Command line argument: -Djava.io.tmpdir=/usr/local/tomcat/temp
03-Feb-2025 19:13:52.489 INFO [main] org.apache.catalina.core.AprLifecycleListener.lifecycleEvent Loaded Apache Tomcat Native library [2.0.8] using APR version [1.7.2].
03-Feb-2025 19:13:52.491 INFO [main] org.apache.catalina.core.AprLifecycleListener.initializeSSL OpenSSL successfully initialized [OpenSSL 3.0.13 30 Jan 2024]
03-Feb-2025 19:13:52.598 INFO [main] org.apache.coyote.AbstractProtocol.init Initializing ProtocolHandler ["http-nio-8080"]
03-Feb-2025 19:13:52.605 INFO [main] org.apache.catalina.startup.Catalina.load Server initialization in [183] milliseconds
03-Feb-2025 19:13:52.618 INFO [main] org.apache.catalina.core.StandardService.startInternal Starting service [Catalina]
03-Feb-2025 19:13:52.618 INFO [main] org.apache.catalina.core.StandardEngine.startInternal Starting Servlet engine: [Apache Tomcat/11.0.2]
03-Feb-2025 19:13:52.626 INFO [main] org.apache.catalina.startup.HostConfig.deployWAR Deploying web application archive [/usr/local/tomcat/webapps/JAVA_PRO_HILLEL-1.0-SNAPSHOT.war]
03-Feb-2025 19:13:53.006 INFO [main] org.apache.jasper.servlet.TldScanner.scanJars At least one JAR was scanned for TLDs yet contained no TLDs. Enable debug logging for this logger for a complete list of JARs that were scanned but no TLDs were found in them. Skipping unneeded JARs during scanning can improve startup time and JSP compilation time.
03-Feb-2025 19:13:53.082 INFO [main] org.apache.catalina.startup.HostConfig.deployWAR Deployment of web application archive [/usr/local/tomcat/webapps/JAVA_PRO_HILLEL-1.0-SNAPSHOT.war] has finished in [456] ms
03-Feb-2025 19:13:53.083 INFO [main] org.apache.coyote.AbstractProtocol.start Starting ProtocolHandler ["http-nio-8080"]
03-Feb-2025 19:13:53.087 INFO [main] org.apache.catalina.startup.Catalina.start Server startup in [481] milliseconds
03-Feb-2025 19:14:40.202 INFO [Thread-1] org.apache.coyote.AbstractProtocol.pause Pausing ProtocolHandler ["http-nio-8080"]
03-Feb-2025 19:14:40.205 INFO [Thread-1] org.apache.catalina.core.StandardService.stopInternal Stopping service [Catalina]
03-Feb-2025 19:14:40.214 INFO [Thread-1] org.apache.coyote.AbstractProtocol.stop Stopping ProtocolHandler ["http-nio-8080"]
03-Feb-2025 19:14:40.215 INFO [Thread-1] org.apache.coyote.AbstractProtocol.destroy Destroying ProtocolHandler ["http-nio-8080"]
03-Feb-2025 19:14:51.848 INFO [main] org.apache.catalina.startup.VersionLoggerListener.log Server version name:   Apache Tomcat/11.0.2
03-Feb-2025 19:14:51.850 INFO [main] org.apache.catalina.startup.VersionLoggerListener.log Server built:          Dec 5 2024 15:19:37 UTC
03-Feb-2025 19:14:51.850 INFO [main] org.apache.catalina.startup.VersionLoggerListener.log Server version number: 11.0.2.0
03-Feb-2025 19:14:51.850 INFO [main] org.apache.catalina.startup.VersionLoggerListener.log OS Name:               Linux
03-Feb-2025 19:14:51.850 INFO [main] org.apache.catalina.startup.VersionLoggerListener.log OS Version:            6.12.5-linuxkit
03-Feb-2025 19:14:51.850 INFO [main] org.apache.catalina.startup.VersionLoggerListener.log Architecture:          aarch64
03-Feb-2025 19:14:51.850 INFO [main] org.apache.catalina.startup.VersionLoggerListener.log Java Home:             /opt/java/openjdk
03-Feb-2025 19:14:51.850 INFO [main] org.apache.catalina.startup.VersionLoggerListener.log JVM Version:           21.0.6+7-LTS
03-Feb-2025 19:14:51.850 INFO [main] org.apache.catalina.startup.VersionLoggerListener.log JVM Vendor:            Eclipse Adoptium
03-Feb-2025 19:14:51.850 INFO [main] org.apache.catalina.startup.VersionLoggerListener.log CATALINA_BASE:         /usr/local/tomcat
03-Feb-2025 19:14:51.850 INFO [main] org.apache.catalina.startup.VersionLoggerListener.log CATALINA_HOME:         /usr/local/tomcat
03-Feb-2025 19:14:51.854 INFO [main] org.apache.catalina.startup.VersionLoggerListener.log Command line argument: -Djava.util.logging.config.file=/usr/local/tomcat/conf/logging.properties
03-Feb-2025 19:14:51.854 INFO [main] org.apache.catalina.startup.VersionLoggerListener.log Command line argument: -Djava.util.logging.manager=org.apache.juli.ClassLoaderLogManager
03-Feb-2025 19:14:51.854 INFO [main] org.apache.catalina.startup.VersionLoggerListener.log Command line argument: -Djdk.tls.ephemeralDHKeySize=2048
03-Feb-2025 19:14:51.854 INFO [main] org.apache.catalina.startup.VersionLoggerListener.log Command line argument: -Dorg.apache.catalina.security.SecurityListener.UMASK=0027
03-Feb-2025 19:14:51.854 INFO [main] org.apache.catalina.startup.VersionLoggerListener.log Command line argument: --add-opens=java.base/java.lang=ALL-UNNAMED
03-Feb-2025 19:14:51.854 INFO [main] org.apache.catalina.startup.VersionLoggerListener.log Command line argument: --add-opens=java.base/java.io=ALL-UNNAMED
03-Feb-2025 19:14:51.854 INFO [main] org.apache.catalina.startup.VersionLoggerListener.log Command line argument: --add-opens=java.base/java.util=ALL-UNNAMED
03-Feb-2025 19:14:51.854 INFO [main] org.apache.catalina.startup.VersionLoggerListener.log Command line argument: --add-opens=java.base/java.util.concurrent=ALL-UNNAMED
03-Feb-2025 19:14:51.854 INFO [main] org.apache.catalina.startup.VersionLoggerListener.log Command line argument: --add-opens=java.rmi/sun.rmi.transport=ALL-UNNAMED
03-Feb-2025 19:14:51.854 INFO [main] org.apache.catalina.startup.VersionLoggerListener.log Command line argument: --enable-native-access=ALL-UNNAMED
03-Feb-2025 19:14:51.854 INFO [main] org.apache.catalina.startup.VersionLoggerListener.log Command line argument: -Dcatalina.base=/usr/local/tomcat
03-Feb-2025 19:14:51.854 INFO [main] org.apache.catalina.startup.VersionLoggerListener.log Command line argument: -Dcatalina.home=/usr/local/tomcat
03-Feb-2025 19:14:51.854 INFO [main] org.apache.catalina.startup.VersionLoggerListener.log Command line argument: -Djava.io.tmpdir=/usr/local/tomcat/temp
03-Feb-2025 19:14:51.855 INFO [main] org.apache.catalina.core.AprLifecycleListener.lifecycleEvent Loaded Apache Tomcat Native library [2.0.8] using APR version [1.7.2].
03-Feb-2025 19:14:51.857 INFO [main] org.apache.catalina.core.AprLifecycleListener.initializeSSL OpenSSL successfully initialized [OpenSSL 3.0.13 30 Jan 2024]
03-Feb-2025 19:14:51.967 INFO [main] org.apache.coyote.AbstractProtocol.init Initializing ProtocolHandler ["http-nio-8080"]
03-Feb-2025 19:14:51.974 INFO [main] org.apache.catalina.startup.Catalina.load Server initialization in [189] milliseconds
03-Feb-2025 19:14:51.988 INFO [main] org.apache.catalina.core.StandardService.startInternal Starting service [Catalina]
03-Feb-2025 19:14:51.988 INFO [main] org.apache.catalina.core.StandardEngine.startInternal Starting Servlet engine: [Apache Tomcat/11.0.2]
03-Feb-2025 19:14:51.996 INFO [main] org.apache.catalina.startup.HostConfig.deployWAR Deploying web application archive [/usr/local/tomcat/webapps/JAVA_PRO_HILLEL-1.0-SNAPSHOT.war]
03-Feb-2025 19:14:52.370 INFO [main] org.apache.jasper.servlet.TldScanner.scanJars At least one JAR was scanned for TLDs yet contained no TLDs. Enable debug logging for this logger for a complete list of JARs that were scanned but no TLDs were found in them. Skipping unneeded JARs during scanning can improve startup time and JSP compilation time.
03-Feb-2025 19:14:52.449 INFO [main] org.apache.catalina.startup.HostConfig.deployWAR Deployment of web application archive [/usr/local/tomcat/webapps/JAVA_PRO_HILLEL-1.0-SNAPSHOT.war] has finished in [453] ms
03-Feb-2025 19:14:52.450 INFO [main] org.apache.coyote.AbstractProtocol.start Starting ProtocolHandler ["http-nio-8080"]
03-Feb-2025 19:14:52.454 INFO [main] org.apache.catalina.startup.Catalina.start Server startup in [479] milliseconds
03-Feb-2025 19:16:25.895 INFO [Thread-1] org.apache.coyote.AbstractProtocol.pause Pausing ProtocolHandler ["http-nio-8080"]
03-Feb-2025 19:16:25.899 INFO [Thread-1] org.apache.catalina.core.StandardService.stopInternal Stopping service [Catalina]
03-Feb-2025 19:16:25.909 INFO [Thread-1] org.apache.coyote.AbstractProtocol.stop Stopping ProtocolHandler ["http-nio-8080"]
03-Feb-2025 19:16:25.911 INFO [Thread-1] org.apache.coyote.AbstractProtocol.destroy Destroying ProtocolHandler ["http-nio-8080"]
03-Feb-2025 19:19:20.975 INFO [main] org.apache.catalina.startup.VersionLoggerListener.log Server version name:   Apache Tomcat/11.0.2
03-Feb-2025 19:19:20.977 INFO [main] org.apache.catalina.startup.VersionLoggerListener.log Server built:          Dec 5 2024 15:19:37 UTC
03-Feb-2025 19:19:20.977 INFO [main] org.apache.catalina.startup.VersionLoggerListener.log Server version number: 11.0.2.0
03-Feb-2025 19:19:20.977 INFO [main] org.apache.catalina.startup.VersionLoggerListener.log OS Name:               Linux
03-Feb-2025 19:19:20.977 INFO [main] org.apache.catalina.startup.VersionLoggerListener.log OS Version:            6.12.5-linuxkit
03-Feb-2025 19:19:20.977 INFO [main] org.apache.catalina.startup.VersionLoggerListener.log Architecture:          aarch64
03-Feb-2025 19:19:20.977 INFO [main] org.apache.catalina.startup.VersionLoggerListener.log Java Home:             /opt/java/openjdk
03-Feb-2025 19:19:20.977 INFO [main] org.apache.catalina.startup.VersionLoggerListener.log JVM Version:           21.0.6+7-LTS
03-Feb-2025 19:19:20.977 INFO [main] org.apache.catalina.startup.VersionLoggerListener.log JVM Vendor:            Eclipse Adoptium
03-Feb-2025 19:19:20.977 INFO [main] org.apache.catalina.startup.VersionLoggerListener.log CATALINA_BASE:         /usr/local/tomcat
03-Feb-2025 19:19:20.977 INFO [main] org.apache.catalina.startup.VersionLoggerListener.log CATALINA_HOME:         /usr/local/tomcat
03-Feb-2025 19:19:20.980 INFO [main] org.apache.catalina.startup.VersionLoggerListener.log Command line argument: -Djava.util.logging.config.file=/usr/local/tomcat/conf/logging.properties
03-Feb-2025 19:19:20.981 INFO [main] org.apache.catalina.startup.VersionLoggerListener.log Command line argument: -Djava.util.logging.manager=org.apache.juli.ClassLoaderLogManager
03-Feb-2025 19:19:20.981 INFO [main] org.apache.catalina.startup.VersionLoggerListener.log Command line argument: -Djdk.tls.ephemeralDHKeySize=2048
03-Feb-2025 19:19:20.981 INFO [main] org.apache.catalina.startup.VersionLoggerListener.log Command line argument: -Dorg.apache.catalina.security.SecurityListener.UMASK=0027
03-Feb-2025 19:19:20.981 INFO [main] org.apache.catalina.startup.VersionLoggerListener.log Command line argument: --add-opens=java.base/java.lang=ALL-UNNAMED
03-Feb-2025 19:19:20.981 INFO [main] org.apache.catalina.startup.VersionLoggerListener.log Command line argument: --add-opens=java.base/java.io=ALL-UNNAMED
03-Feb-2025 19:19:20.981 INFO [main] org.apache.catalina.startup.VersionLoggerListener.log Command line argument: --add-opens=java.base/java.util=ALL-UNNAMED
03-Feb-2025 19:19:20.981 INFO [main] org.apache.catalina.startup.VersionLoggerListener.log Command line argument: --add-opens=java.base/java.util.concurrent=ALL-UNNAMED
03-Feb-2025 19:19:20.981 INFO [main] org.apache.catalina.startup.VersionLoggerListener.log Command line argument: --add-opens=java.rmi/sun.rmi.transport=ALL-UNNAMED
03-Feb-2025 19:19:20.981 INFO [main] org.apache.catalina.startup.VersionLoggerListener.log Command line argument: --enable-native-access=ALL-UNNAMED
03-Feb-2025 19:19:20.981 INFO [main] org.apache.catalina.startup.VersionLoggerListener.log Command line argument: -Dcatalina.base=/usr/local/tomcat
03-Feb-2025 19:19:20.981 INFO [main] org.apache.catalina.startup.VersionLoggerListener.log Command line argument: -Dcatalina.home=/usr/local/tomcat
03-Feb-2025 19:19:20.981 INFO [main] org.apache.catalina.startup.VersionLoggerListener.log Command line argument: -Djava.io.tmpdir=/usr/local/tomcat/temp
03-Feb-2025 19:19:20.982 INFO [main] org.apache.catalina.core.AprLifecycleListener.lifecycleEvent Loaded Apache Tomcat Native library [2.0.8] using APR version [1.7.2].
03-Feb-2025 19:19:20.983 INFO [main] org.apache.catalina.core.AprLifecycleListener.initializeSSL OpenSSL successfully initialized [OpenSSL 3.0.13 30 Jan 2024]
03-Feb-2025 19:19:21.092 INFO [main] org.apache.coyote.AbstractProtocol.init Initializing ProtocolHandler ["http-nio-8080"]
03-Feb-2025 19:19:21.099 INFO [main] org.apache.catalina.startup.Catalina.load Server initialization in [188] milliseconds
03-Feb-2025 19:19:21.111 INFO [main] org.apache.catalina.core.StandardService.startInternal Starting service [Catalina]
03-Feb-2025 19:19:21.112 INFO [main] org.apache.catalina.core.StandardEngine.startInternal Starting Servlet engine: [Apache Tomcat/11.0.2]
03-Feb-2025 19:19:21.120 INFO [main] org.apache.catalina.startup.HostConfig.deployWAR Deploying web application archive [/usr/local/tomcat/webapps/api.war]
03-Feb-2025 19:19:21.487 INFO [main] org.apache.jasper.servlet.TldScanner.scanJars At least one JAR was scanned for TLDs yet contained no TLDs. Enable debug logging for this logger for a complete list of JARs that were scanned but no TLDs were found in them. Skipping unneeded JARs during scanning can improve startup time and JSP compilation time.
03-Feb-2025 19:19:21.563 INFO [main] org.apache.catalina.startup.HostConfig.deployWAR Deployment of web application archive [/usr/local/tomcat/webapps/api.war] has finished in [443] ms
03-Feb-2025 19:19:21.564 INFO [main] org.apache.coyote.AbstractProtocol.start Starting ProtocolHandler ["http-nio-8080"]
03-Feb-2025 19:19:21.568 INFO [main] org.apache.catalina.startup.Catalina.start Server startup in [468] milliseconds
03-Feb-2025 19:27:52.567 INFO [Thread-1] org.apache.coyote.AbstractProtocol.pause Pausing ProtocolHandler ["http-nio-8080"]
03-Feb-2025 19:27:52.575 INFO [Thread-1] org.apache.catalina.core.StandardService.stopInternal Stopping service [Catalina]
03-Feb-2025 19:27:52.589 INFO [Thread-1] org.apache.coyote.AbstractProtocol.stop Stopping ProtocolHandler ["http-nio-8080"]
03-Feb-2025 19:27:52.598 INFO [Thread-1] org.apache.coyote.AbstractProtocol.destroy Destroying ProtocolHandler ["http-nio-8080"]
